mode: atomic
github.com/gidyon/antibug/internal/modules/culture/culture.go:29.89,32.9 2 3
github.com/gidyon/antibug/internal/modules/culture/culture.go:40.2,40.16 1 3
github.com/gidyon/antibug/internal/modules/culture/culture.go:44.2,51.16 3 1
github.com/gidyon/antibug/internal/modules/culture/culture.go:55.2,55.18 1 1
github.com/gidyon/antibug/internal/modules/culture/culture.go:33.18,34.34 1 0
github.com/gidyon/antibug/internal/modules/culture/culture.go:35.24,36.32 1 1
github.com/gidyon/antibug/internal/modules/culture/culture.go:37.25,38.33 1 1
github.com/gidyon/antibug/internal/modules/culture/culture.go:40.16,42.3 1 2
github.com/gidyon/antibug/internal/modules/culture/culture.go:51.16,53.3 1 0
github.com/gidyon/antibug/internal/modules/culture/culture.go:60.43,62.22 1 22
github.com/gidyon/antibug/internal/modules/culture/culture.go:67.2,69.9 3 21
github.com/gidyon/antibug/internal/modules/culture/culture.go:93.2,93.16 1 21
github.com/gidyon/antibug/internal/modules/culture/culture.go:97.2,101.16 3 10
github.com/gidyon/antibug/internal/modules/culture/culture.go:106.2,107.16 2 10
github.com/gidyon/antibug/internal/modules/culture/culture.go:111.2,113.8 1 10
github.com/gidyon/antibug/internal/modules/culture/culture.go:62.22,64.3 1 1
github.com/gidyon/antibug/internal/modules/culture/culture.go:70.52,71.41 1 1
github.com/gidyon/antibug/internal/modules/culture/culture.go:72.53,73.41 1 1
github.com/gidyon/antibug/internal/modules/culture/culture.go:74.53,75.41 1 1
github.com/gidyon/antibug/internal/modules/culture/culture.go:76.56,77.45 1 1
github.com/gidyon/antibug/internal/modules/culture/culture.go:78.52,79.40 1 1
github.com/gidyon/antibug/internal/modules/culture/culture.go:80.56,81.44 1 1
github.com/gidyon/antibug/internal/modules/culture/culture.go:82.53,83.41 1 1
github.com/gidyon/antibug/internal/modules/culture/culture.go:84.56,85.44 1 1
github.com/gidyon/antibug/internal/modules/culture/culture.go:86.42,87.45 1 1
github.com/gidyon/antibug/internal/modules/culture/culture.go:88.46,89.49 1 1
github.com/gidyon/antibug/internal/modules/culture/culture.go:90.42,91.45 1 1
github.com/gidyon/antibug/internal/modules/culture/culture.go:93.16,95.3 1 11
github.com/gidyon/antibug/internal/modules/culture/culture.go:101.16,103.3 1 0
github.com/gidyon/antibug/internal/modules/culture/culture.go:107.16,109.3 1 0
github.com/gidyon/antibug/internal/modules/culture/culture.go:118.25,120.22 1 6
github.com/gidyon/antibug/internal/modules/culture/culture.go:125.2,127.9 3 6
github.com/gidyon/antibug/internal/modules/culture/culture.go:135.2,135.16 1 6
github.com/gidyon/antibug/internal/modules/culture/culture.go:139.2,144.30 2 2
github.com/gidyon/antibug/internal/modules/culture/culture.go:149.2,149.32 1 1
github.com/gidyon/antibug/internal/modules/culture/culture.go:159.2,162.16 3 1
github.com/gidyon/antibug/internal/modules/culture/culture.go:167.2,169.16 2 1
github.com/gidyon/antibug/internal/modules/culture/culture.go:173.2,173.28 1 1
github.com/gidyon/antibug/internal/modules/culture/culture.go:120.22,122.3 1 0
github.com/gidyon/antibug/internal/modules/culture/culture.go:128.24,129.34 1 2
github.com/gidyon/antibug/internal/modules/culture/culture.go:130.33,131.40 1 1
github.com/gidyon/antibug/internal/modules/culture/culture.go:132.32,133.39 1 1
github.com/gidyon/antibug/internal/modules/culture/culture.go:135.16,137.3 1 4
github.com/gidyon/antibug/internal/modules/culture/culture.go:144.30,146.3 1 1
github.com/gidyon/antibug/internal/modules/culture/culture.go:149.32,151.17 2 1
github.com/gidyon/antibug/internal/modules/culture/culture.go:151.17,153.4 1 0
github.com/gidyon/antibug/internal/modules/culture/culture.go:154.8,156.3 1 0
github.com/gidyon/antibug/internal/modules/culture/culture.go:162.16,164.3 1 0
github.com/gidyon/antibug/internal/modules/culture/culture.go:169.16,171.3 1 0
github.com/gidyon/antibug/internal/modules/culture/culture.go:178.25,180.19 1 3
github.com/gidyon/antibug/internal/modules/culture/culture.go:185.2,185.28 1 2
github.com/gidyon/antibug/internal/modules/culture/culture.go:190.2,191.16 2 1
github.com/gidyon/antibug/internal/modules/culture/culture.go:195.2,195.28 1 1
github.com/gidyon/antibug/internal/modules/culture/culture.go:180.19,182.3 1 1
github.com/gidyon/antibug/internal/modules/culture/culture.go:185.28,187.3 1 1
github.com/gidyon/antibug/internal/modules/culture/culture.go:191.16,193.3 1 0
github.com/gidyon/antibug/internal/modules/culture/culture.go:200.30,202.20 1 8
github.com/gidyon/antibug/internal/modules/culture/culture.go:206.2,207.27 2 7
github.com/gidyon/antibug/internal/modules/culture/culture.go:247.2,253.16 5 7
github.com/gidyon/antibug/internal/modules/culture/culture.go:257.2,259.39 2 7
github.com/gidyon/antibug/internal/modules/culture/culture.go:267.2,269.8 1 7
github.com/gidyon/antibug/internal/modules/culture/culture.go:202.20,204.3 1 1
github.com/gidyon/antibug/internal/modules/culture/culture.go:207.27,209.41 1 7
github.com/gidyon/antibug/internal/modules/culture/culture.go:234.3,234.90 1 7
github.com/gidyon/antibug/internal/modules/culture/culture.go:210.31,210.31 0 2
github.com/gidyon/antibug/internal/modules/culture/culture.go:211.34,212.46 1 1
github.com/gidyon/antibug/internal/modules/culture/culture.go:215.38,216.46 1 1
github.com/gidyon/antibug/internal/modules/culture/culture.go:219.36,220.46 1 1
github.com/gidyon/antibug/internal/modules/culture/culture.go:223.35,224.46 1 1
github.com/gidyon/antibug/internal/modules/culture/culture.go:227.42,228.46 1 1
github.com/gidyon/antibug/internal/modules/culture/culture.go:212.46,214.5 1 1
github.com/gidyon/antibug/internal/modules/culture/culture.go:216.46,218.5 1 1
github.com/gidyon/antibug/internal/modules/culture/culture.go:220.46,222.5 1 1
github.com/gidyon/antibug/internal/modules/culture/culture.go:224.46,226.5 1 1
github.com/gidyon/antibug/internal/modules/culture/culture.go:228.46,230.5 1 1
github.com/gidyon/antibug/internal/modules/culture/culture.go:234.90,237.11 3 2
github.com/gidyon/antibug/internal/modules/culture/culture.go:238.39,239.89 1 0
github.com/gidyon/antibug/internal/modules/culture/culture.go:240.39,241.63 1 0
github.com/gidyon/antibug/internal/modules/culture/culture.go:253.16,255.3 1 0
github.com/gidyon/antibug/internal/modules/culture/culture.go:259.39,261.17 2 36
github.com/gidyon/antibug/internal/modules/culture/culture.go:264.3,264.45 1 36
github.com/gidyon/antibug/internal/modules/culture/culture.go:261.17,263.4 1 0
github.com/gidyon/antibug/internal/modules/culture/culture.go:274.29,276.19 1 6
github.com/gidyon/antibug/internal/modules/culture/culture.go:281.2,281.28 1 5
github.com/gidyon/antibug/internal/modules/culture/culture.go:286.2,288.9 3 4
github.com/gidyon/antibug/internal/modules/culture/culture.go:297.2,298.16 2 2
github.com/gidyon/antibug/internal/modules/culture/culture.go:302.2,302.23 1 2
github.com/gidyon/antibug/internal/modules/culture/culture.go:276.19,278.3 1 1
github.com/gidyon/antibug/internal/modules/culture/culture.go:281.28,283.3 1 1
github.com/gidyon/antibug/internal/modules/culture/culture.go:289.18,289.18 0 2
github.com/gidyon/antibug/internal/modules/culture/culture.go:290.46,291.57 1 2
github.com/gidyon/antibug/internal/modules/culture/culture.go:292.10,293.46 1 0
github.com/gidyon/antibug/internal/modules/culture/culture.go:298.16,300.3 1 0
github.com/gidyon/antibug/internal/modules/culture/model.go:34.36,36.2 1 52
github.com/gidyon/antibug/internal/modules/culture/model.go:38.65,39.22 1 11
github.com/gidyon/antibug/internal/modules/culture/model.go:43.2,62.39 3 11
github.com/gidyon/antibug/internal/modules/culture/model.go:71.2,71.43 1 11
github.com/gidyon/antibug/internal/modules/culture/model.go:80.2,80.39 1 11
github.com/gidyon/antibug/internal/modules/culture/model.go:89.2,89.32 1 11
github.com/gidyon/antibug/internal/modules/culture/model.go:97.2,97.23 1 11
github.com/gidyon/antibug/internal/modules/culture/model.go:39.22,41.3 1 0
github.com/gidyon/antibug/internal/modules/culture/model.go:62.39,64.17 2 11
github.com/gidyon/antibug/internal/modules/culture/model.go:67.3,67.34 1 11
github.com/gidyon/antibug/internal/modules/culture/model.go:64.17,66.4 1 0
github.com/gidyon/antibug/internal/modules/culture/model.go:71.43,73.17 2 11
github.com/gidyon/antibug/internal/modules/culture/model.go:76.3,76.38 1 11
github.com/gidyon/antibug/internal/modules/culture/model.go:73.17,75.4 1 0
github.com/gidyon/antibug/internal/modules/culture/model.go:80.39,82.17 2 11
github.com/gidyon/antibug/internal/modules/culture/model.go:85.3,85.34 1 11
github.com/gidyon/antibug/internal/modules/culture/model.go:82.17,84.4 1 0
github.com/gidyon/antibug/internal/modules/culture/model.go:89.32,91.17 2 11
github.com/gidyon/antibug/internal/modules/culture/model.go:94.3,94.27 1 11
github.com/gidyon/antibug/internal/modules/culture/model.go:91.17,93.4 1 0
github.com/gidyon/antibug/internal/modules/culture/model.go:100.65,101.22 1 38
github.com/gidyon/antibug/internal/modules/culture/model.go:105.2,120.39 3 38
github.com/gidyon/antibug/internal/modules/culture/model.go:128.2,128.43 1 38
github.com/gidyon/antibug/internal/modules/culture/model.go:136.2,136.39 1 38
github.com/gidyon/antibug/internal/modules/culture/model.go:144.2,144.32 1 38
github.com/gidyon/antibug/internal/modules/culture/model.go:151.2,151.23 1 38
github.com/gidyon/antibug/internal/modules/culture/model.go:101.22,103.3 1 0
github.com/gidyon/antibug/internal/modules/culture/model.go:120.39,122.17 2 38
github.com/gidyon/antibug/internal/modules/culture/model.go:122.17,124.4 1 0
github.com/gidyon/antibug/internal/modules/culture/model.go:128.43,130.17 2 38
github.com/gidyon/antibug/internal/modules/culture/model.go:130.17,132.4 1 0
github.com/gidyon/antibug/internal/modules/culture/model.go:136.39,138.17 2 38
github.com/gidyon/antibug/internal/modules/culture/model.go:138.17,140.4 1 0
github.com/gidyon/antibug/internal/modules/culture/model.go:144.32,146.17 2 38
github.com/gidyon/antibug/internal/modules/culture/model.go:146.17,148.4 1 0
