mode: atomic
github.com/gidyon/antibug/internal/modules/culture/culture.go:36.89,39.9 2 5
github.com/gidyon/antibug/internal/modules/culture/culture.go:49.2,49.16 1 5
github.com/gidyon/antibug/internal/modules/culture/culture.go:53.2,54.16 2 1
github.com/gidyon/antibug/internal/modules/culture/culture.go:58.2,66.16 3 1
github.com/gidyon/antibug/internal/modules/culture/culture.go:70.2,70.18 1 1
github.com/gidyon/antibug/internal/modules/culture/culture.go:40.18,41.34 1 1
github.com/gidyon/antibug/internal/modules/culture/culture.go:42.24,43.32 1 1
github.com/gidyon/antibug/internal/modules/culture/culture.go:44.25,45.33 1 1
github.com/gidyon/antibug/internal/modules/culture/culture.go:46.28,47.44 1 1
github.com/gidyon/antibug/internal/modules/culture/culture.go:49.16,51.3 1 4
github.com/gidyon/antibug/internal/modules/culture/culture.go:54.16,56.3 1 0
github.com/gidyon/antibug/internal/modules/culture/culture.go:66.16,68.3 1 0
github.com/gidyon/antibug/internal/modules/culture/culture.go:75.43,77.22 1 22
github.com/gidyon/antibug/internal/modules/culture/culture.go:82.2,83.16 2 21
github.com/gidyon/antibug/internal/modules/culture/culture.go:88.2,89.9 2 21
github.com/gidyon/antibug/internal/modules/culture/culture.go:113.2,113.16 1 21
github.com/gidyon/antibug/internal/modules/culture/culture.go:117.2,121.16 3 10
github.com/gidyon/antibug/internal/modules/culture/culture.go:126.2,127.16 2 10
github.com/gidyon/antibug/internal/modules/culture/culture.go:131.2,133.8 1 10
github.com/gidyon/antibug/internal/modules/culture/culture.go:77.22,79.3 1 1
github.com/gidyon/antibug/internal/modules/culture/culture.go:83.16,85.3 1 0
github.com/gidyon/antibug/internal/modules/culture/culture.go:90.52,91.41 1 1
github.com/gidyon/antibug/internal/modules/culture/culture.go:92.53,93.41 1 1
github.com/gidyon/antibug/internal/modules/culture/culture.go:94.53,95.41 1 1
github.com/gidyon/antibug/internal/modules/culture/culture.go:96.56,97.45 1 1
github.com/gidyon/antibug/internal/modules/culture/culture.go:98.52,99.40 1 1
github.com/gidyon/antibug/internal/modules/culture/culture.go:100.56,101.44 1 1
github.com/gidyon/antibug/internal/modules/culture/culture.go:102.53,103.41 1 1
github.com/gidyon/antibug/internal/modules/culture/culture.go:104.56,105.44 1 1
github.com/gidyon/antibug/internal/modules/culture/culture.go:106.42,107.45 1 1
github.com/gidyon/antibug/internal/modules/culture/culture.go:108.46,109.49 1 1
github.com/gidyon/antibug/internal/modules/culture/culture.go:110.42,111.45 1 1
github.com/gidyon/antibug/internal/modules/culture/culture.go:113.16,115.3 1 11
github.com/gidyon/antibug/internal/modules/culture/culture.go:121.16,123.3 1 0
github.com/gidyon/antibug/internal/modules/culture/culture.go:127.16,129.3 1 0
github.com/gidyon/antibug/internal/modules/culture/culture.go:138.25,140.22 1 6
github.com/gidyon/antibug/internal/modules/culture/culture.go:145.2,146.16 2 6
github.com/gidyon/antibug/internal/modules/culture/culture.go:151.2,152.9 2 6
github.com/gidyon/antibug/internal/modules/culture/culture.go:160.2,160.16 1 6
github.com/gidyon/antibug/internal/modules/culture/culture.go:164.2,169.30 2 2
github.com/gidyon/antibug/internal/modules/culture/culture.go:174.2,174.32 1 1
github.com/gidyon/antibug/internal/modules/culture/culture.go:184.2,187.16 3 1
github.com/gidyon/antibug/internal/modules/culture/culture.go:192.2,194.16 2 1
github.com/gidyon/antibug/internal/modules/culture/culture.go:198.2,198.28 1 1
github.com/gidyon/antibug/internal/modules/culture/culture.go:140.22,142.3 1 0
github.com/gidyon/antibug/internal/modules/culture/culture.go:146.16,148.3 1 0
github.com/gidyon/antibug/internal/modules/culture/culture.go:153.24,154.34 1 2
github.com/gidyon/antibug/internal/modules/culture/culture.go:155.33,156.40 1 1
github.com/gidyon/antibug/internal/modules/culture/culture.go:157.32,158.39 1 1
github.com/gidyon/antibug/internal/modules/culture/culture.go:160.16,162.3 1 4
github.com/gidyon/antibug/internal/modules/culture/culture.go:169.30,171.3 1 1
github.com/gidyon/antibug/internal/modules/culture/culture.go:174.32,176.17 2 1
github.com/gidyon/antibug/internal/modules/culture/culture.go:176.17,178.4 1 0
github.com/gidyon/antibug/internal/modules/culture/culture.go:179.8,181.3 1 0
github.com/gidyon/antibug/internal/modules/culture/culture.go:187.16,189.3 1 0
github.com/gidyon/antibug/internal/modules/culture/culture.go:194.16,196.3 1 0
github.com/gidyon/antibug/internal/modules/culture/culture.go:203.25,205.19 1 3
github.com/gidyon/antibug/internal/modules/culture/culture.go:210.2,211.16 2 2
github.com/gidyon/antibug/internal/modules/culture/culture.go:216.2,216.28 1 2
github.com/gidyon/antibug/internal/modules/culture/culture.go:221.2,222.16 2 1
github.com/gidyon/antibug/internal/modules/culture/culture.go:226.2,226.28 1 1
github.com/gidyon/antibug/internal/modules/culture/culture.go:205.19,207.3 1 1
github.com/gidyon/antibug/internal/modules/culture/culture.go:211.16,213.3 1 0
github.com/gidyon/antibug/internal/modules/culture/culture.go:216.28,218.3 1 1
github.com/gidyon/antibug/internal/modules/culture/culture.go:222.16,224.3 1 0
github.com/gidyon/antibug/internal/modules/culture/culture.go:231.30,233.20 1 8
github.com/gidyon/antibug/internal/modules/culture/culture.go:238.2,239.16 2 7
github.com/gidyon/antibug/internal/modules/culture/culture.go:243.2,244.27 2 7
github.com/gidyon/antibug/internal/modules/culture/culture.go:284.2,290.16 5 7
github.com/gidyon/antibug/internal/modules/culture/culture.go:294.2,296.39 2 7
github.com/gidyon/antibug/internal/modules/culture/culture.go:304.2,306.8 1 7
github.com/gidyon/antibug/internal/modules/culture/culture.go:233.20,235.3 1 1
github.com/gidyon/antibug/internal/modules/culture/culture.go:239.16,241.3 1 0
github.com/gidyon/antibug/internal/modules/culture/culture.go:244.27,246.41 1 7
github.com/gidyon/antibug/internal/modules/culture/culture.go:271.3,271.90 1 7
github.com/gidyon/antibug/internal/modules/culture/culture.go:247.31,247.31 0 2
github.com/gidyon/antibug/internal/modules/culture/culture.go:248.34,249.46 1 1
github.com/gidyon/antibug/internal/modules/culture/culture.go:252.38,253.46 1 1
github.com/gidyon/antibug/internal/modules/culture/culture.go:256.36,257.46 1 1
github.com/gidyon/antibug/internal/modules/culture/culture.go:260.35,261.46 1 1
github.com/gidyon/antibug/internal/modules/culture/culture.go:264.42,265.46 1 1
github.com/gidyon/antibug/internal/modules/culture/culture.go:249.46,251.5 1 1
github.com/gidyon/antibug/internal/modules/culture/culture.go:253.46,255.5 1 1
github.com/gidyon/antibug/internal/modules/culture/culture.go:257.46,259.5 1 1
github.com/gidyon/antibug/internal/modules/culture/culture.go:261.46,263.5 1 1
github.com/gidyon/antibug/internal/modules/culture/culture.go:265.46,267.5 1 1
github.com/gidyon/antibug/internal/modules/culture/culture.go:271.90,274.11 3 2
github.com/gidyon/antibug/internal/modules/culture/culture.go:275.39,276.89 1 1
github.com/gidyon/antibug/internal/modules/culture/culture.go:277.39,278.63 1 0
github.com/gidyon/antibug/internal/modules/culture/culture.go:290.16,292.3 1 0
github.com/gidyon/antibug/internal/modules/culture/culture.go:296.39,298.17 2 45
github.com/gidyon/antibug/internal/modules/culture/culture.go:301.3,301.45 1 45
github.com/gidyon/antibug/internal/modules/culture/culture.go:298.17,300.4 1 0
github.com/gidyon/antibug/internal/modules/culture/culture.go:311.29,313.19 1 6
github.com/gidyon/antibug/internal/modules/culture/culture.go:318.2,319.16 2 5
github.com/gidyon/antibug/internal/modules/culture/culture.go:324.2,324.28 1 5
github.com/gidyon/antibug/internal/modules/culture/culture.go:329.2,331.9 3 4
github.com/gidyon/antibug/internal/modules/culture/culture.go:340.2,341.16 2 2
github.com/gidyon/antibug/internal/modules/culture/culture.go:345.2,345.23 1 2
github.com/gidyon/antibug/internal/modules/culture/culture.go:313.19,315.3 1 1
github.com/gidyon/antibug/internal/modules/culture/culture.go:319.16,321.3 1 0
github.com/gidyon/antibug/internal/modules/culture/culture.go:324.28,326.3 1 1
github.com/gidyon/antibug/internal/modules/culture/culture.go:332.18,332.18 0 2
github.com/gidyon/antibug/internal/modules/culture/culture.go:333.46,334.57 1 2
github.com/gidyon/antibug/internal/modules/culture/culture.go:335.10,336.46 1 0
github.com/gidyon/antibug/internal/modules/culture/culture.go:341.16,343.3 1 0
github.com/gidyon/antibug/internal/modules/culture/culture_fake.go:21.20,30.33 4 1
github.com/gidyon/antibug/internal/modules/culture/culture_fake.go:30.33,33.3 2 21
github.com/gidyon/antibug/internal/modules/culture/culture_fake.go:37.26,40.2 1 30
github.com/gidyon/antibug/internal/modules/culture/culture_fake.go:43.29,46.2 1 30
github.com/gidyon/antibug/internal/modules/culture/culture_fake.go:49.26,52.2 1 30
github.com/gidyon/antibug/internal/modules/culture/culture_fake.go:55.25,58.2 1 30
github.com/gidyon/antibug/internal/modules/culture/culture_fake.go:61.25,64.2 1 30
github.com/gidyon/antibug/internal/modules/culture/culture_fake.go:67.29,68.26 1 30
github.com/gidyon/antibug/internal/modules/culture/culture_fake.go:71.2,71.17 1 14
github.com/gidyon/antibug/internal/modules/culture/culture_fake.go:68.26,70.3 1 16
github.com/gidyon/antibug/internal/modules/culture/culture_fake.go:75.24,77.2 1 90
github.com/gidyon/antibug/internal/modules/culture/culture_fake.go:80.29,82.2 1 90
github.com/gidyon/antibug/internal/modules/culture/culture_fake.go:85.22,87.2 1 30
github.com/gidyon/antibug/internal/modules/culture/culture_fake.go:90.28,94.2 1 90
github.com/gidyon/antibug/internal/modules/culture/culture_fake.go:97.28,99.2 1 90
github.com/gidyon/antibug/internal/modules/culture/culture_fake.go:101.72,102.37 1 30
github.com/gidyon/antibug/internal/modules/culture/culture_fake.go:106.2,106.57 1 30
github.com/gidyon/antibug/internal/modules/culture/culture_fake.go:118.2,118.18 1 30
github.com/gidyon/antibug/internal/modules/culture/culture_fake.go:102.37,104.3 1 0
github.com/gidyon/antibug/internal/modules/culture/culture_fake.go:106.57,116.3 1 90
github.com/gidyon/antibug/internal/modules/culture/culture_fake.go:122.37,145.2 2 30
github.com/gidyon/antibug/internal/modules/culture/model.go:34.36,36.2 1 52
github.com/gidyon/antibug/internal/modules/culture/model.go:39.65,41.2 1 0
github.com/gidyon/antibug/internal/modules/culture/model.go:43.65,44.22 1 11
github.com/gidyon/antibug/internal/modules/culture/model.go:48.2,67.39 3 11
github.com/gidyon/antibug/internal/modules/culture/model.go:76.2,76.43 1 11
github.com/gidyon/antibug/internal/modules/culture/model.go:85.2,85.39 1 11
github.com/gidyon/antibug/internal/modules/culture/model.go:94.2,94.32 1 11
github.com/gidyon/antibug/internal/modules/culture/model.go:102.2,102.23 1 11
github.com/gidyon/antibug/internal/modules/culture/model.go:44.22,46.3 1 0
github.com/gidyon/antibug/internal/modules/culture/model.go:67.39,69.17 2 11
github.com/gidyon/antibug/internal/modules/culture/model.go:72.3,72.34 1 11
github.com/gidyon/antibug/internal/modules/culture/model.go:69.17,71.4 1 0
github.com/gidyon/antibug/internal/modules/culture/model.go:76.43,78.17 2 11
github.com/gidyon/antibug/internal/modules/culture/model.go:81.3,81.38 1 11
github.com/gidyon/antibug/internal/modules/culture/model.go:78.17,80.4 1 0
github.com/gidyon/antibug/internal/modules/culture/model.go:85.39,87.17 2 11
github.com/gidyon/antibug/internal/modules/culture/model.go:90.3,90.34 1 11
github.com/gidyon/antibug/internal/modules/culture/model.go:87.17,89.4 1 0
github.com/gidyon/antibug/internal/modules/culture/model.go:94.32,96.17 2 11
github.com/gidyon/antibug/internal/modules/culture/model.go:99.3,99.27 1 11
github.com/gidyon/antibug/internal/modules/culture/model.go:96.17,98.4 1 0
github.com/gidyon/antibug/internal/modules/culture/model.go:106.65,108.2 1 0
github.com/gidyon/antibug/internal/modules/culture/model.go:110.65,111.22 1 47
github.com/gidyon/antibug/internal/modules/culture/model.go:115.2,130.39 3 47
github.com/gidyon/antibug/internal/modules/culture/model.go:138.2,138.43 1 47
github.com/gidyon/antibug/internal/modules/culture/model.go:146.2,146.39 1 47
github.com/gidyon/antibug/internal/modules/culture/model.go:154.2,154.32 1 47
github.com/gidyon/antibug/internal/modules/culture/model.go:161.2,161.23 1 47
github.com/gidyon/antibug/internal/modules/culture/model.go:111.22,113.3 1 0
github.com/gidyon/antibug/internal/modules/culture/model.go:130.39,132.17 2 47
github.com/gidyon/antibug/internal/modules/culture/model.go:132.17,134.4 1 0
github.com/gidyon/antibug/internal/modules/culture/model.go:138.43,140.17 2 47
github.com/gidyon/antibug/internal/modules/culture/model.go:140.17,142.4 1 0
github.com/gidyon/antibug/internal/modules/culture/model.go:146.39,148.17 2 47
github.com/gidyon/antibug/internal/modules/culture/model.go:148.17,150.4 1 0
github.com/gidyon/antibug/internal/modules/culture/model.go:154.32,156.17 2 47
github.com/gidyon/antibug/internal/modules/culture/model.go:156.17,158.4 1 0
