mode: atomic
github.com/gidyon/antibug/internal/modules/antibiogram/antibiogram.go:41.45,44.9 2 6
github.com/gidyon/antibug/internal/modules/antibiogram/antibiogram.go:56.2,56.16 1 6
github.com/gidyon/antibug/internal/modules/antibiogram/antibiogram.go:60.2,61.16 2 1
github.com/gidyon/antibug/internal/modules/antibiogram/antibiogram.go:65.2,74.16 3 1
github.com/gidyon/antibug/internal/modules/antibiogram/antibiogram.go:78.2,78.17 1 1
github.com/gidyon/antibug/internal/modules/antibiogram/antibiogram.go:45.18,46.34 1 1
github.com/gidyon/antibug/internal/modules/antibiogram/antibiogram.go:47.24,48.32 1 1
github.com/gidyon/antibug/internal/modules/antibiogram/antibiogram.go:49.26,50.38 1 1
github.com/gidyon/antibug/internal/modules/antibiogram/antibiogram.go:51.25,52.33 1 1
github.com/gidyon/antibug/internal/modules/antibiogram/antibiogram.go:53.31,54.43 1 1
github.com/gidyon/antibug/internal/modules/antibiogram/antibiogram.go:56.16,58.3 1 5
github.com/gidyon/antibug/internal/modules/antibiogram/antibiogram.go:61.16,63.3 1 0
github.com/gidyon/antibug/internal/modules/antibiogram/antibiogram.go:74.16,76.3 1 0
github.com/gidyon/antibug/internal/modules/antibiogram/antibiogram.go:91.70,94.29 2 4
github.com/gidyon/antibug/internal/modules/antibiogram/antibiogram.go:119.2,119.28 1 4
github.com/gidyon/antibug/internal/modules/antibiogram/antibiogram.go:136.2,136.26 1 4
github.com/gidyon/antibug/internal/modules/antibiogram/antibiogram.go:159.2,159.14 1 4
github.com/gidyon/antibug/internal/modules/antibiogram/antibiogram.go:95.44,97.55 2 1
github.com/gidyon/antibug/internal/modules/antibiogram/antibiogram.go:98.43,100.55 2 0
github.com/gidyon/antibug/internal/modules/antibiogram/antibiogram.go:101.43,103.55 2 0
github.com/gidyon/antibug/internal/modules/antibiogram/antibiogram.go:104.44,106.55 2 1
github.com/gidyon/antibug/internal/modules/antibiogram/antibiogram.go:107.45,109.55 2 0
github.com/gidyon/antibug/internal/modules/antibiogram/antibiogram.go:110.47,112.55 2 1
github.com/gidyon/antibug/internal/modules/antibiogram/antibiogram.go:113.50,115.55 2 1
github.com/gidyon/antibug/internal/modules/antibiogram/antibiogram.go:120.39,120.39 0 0
github.com/gidyon/antibug/internal/modules/antibiogram/antibiogram.go:121.38,122.34 1 1
github.com/gidyon/antibug/internal/modules/antibiogram/antibiogram.go:125.42,126.34 1 2
github.com/gidyon/antibug/internal/modules/antibiogram/antibiogram.go:129.40,130.34 1 1
github.com/gidyon/antibug/internal/modules/antibiogram/antibiogram.go:122.34,124.4 1 1
github.com/gidyon/antibug/internal/modules/antibiogram/antibiogram.go:126.34,128.4 1 2
github.com/gidyon/antibug/internal/modules/antibiogram/antibiogram.go:130.34,132.4 1 1
github.com/gidyon/antibug/internal/modules/antibiogram/antibiogram.go:136.26,138.28 2 4
github.com/gidyon/antibug/internal/modules/antibiogram/antibiogram.go:138.28,140.38 1 4
github.com/gidyon/antibug/internal/modules/antibiogram/antibiogram.go:150.4,150.71 1 4
github.com/gidyon/antibug/internal/modules/antibiogram/antibiogram.go:141.32,142.83 1 3
github.com/gidyon/antibug/internal/modules/antibiogram/antibiogram.go:143.33,144.52 1 1
github.com/gidyon/antibug/internal/modules/antibiogram/antibiogram.go:145.35,146.54 1 0
github.com/gidyon/antibug/internal/modules/antibiogram/antibiogram.go:150.71,155.5 1 4
github.com/gidyon/antibug/internal/modules/antibiogram/antibiogram.go:162.67,167.33 2 1777
github.com/gidyon/antibug/internal/modules/antibiogram/antibiogram.go:172.2,172.14 1 1777
github.com/gidyon/antibug/internal/modules/antibiogram/antibiogram.go:167.33,168.20 1 5320
github.com/gidyon/antibug/internal/modules/antibiogram/antibiogram.go:168.20,170.4 1 5320
github.com/gidyon/antibug/internal/modules/antibiogram/antibiogram.go:175.55,185.38 2 8
github.com/gidyon/antibug/internal/modules/antibiogram/antibiogram.go:194.2,194.32 1 8
github.com/gidyon/antibug/internal/modules/antibiogram/antibiogram.go:204.2,206.23 2 8
github.com/gidyon/antibug/internal/modules/antibiogram/antibiogram.go:185.38,187.54 2 8
github.com/gidyon/antibug/internal/modules/antibiogram/antibiogram.go:190.3,191.40 2 8
github.com/gidyon/antibug/internal/modules/antibiogram/antibiogram.go:187.54,189.4 1 24
github.com/gidyon/antibug/internal/modules/antibiogram/antibiogram.go:194.32,201.3 1 8
github.com/gidyon/antibug/internal/modules/antibiogram/antibiogram.go:211.45,217.9 3 4
github.com/gidyon/antibug/internal/modules/antibiogram/antibiogram.go:226.2,228.16 3 2
github.com/gidyon/antibug/internal/modules/antibiogram/antibiogram.go:232.2,232.33 1 2
github.com/gidyon/antibug/internal/modules/antibiogram/antibiogram.go:218.18,218.18 0 2
github.com/gidyon/antibug/internal/modules/antibiogram/antibiogram.go:219.33,220.68 1 2
github.com/gidyon/antibug/internal/modules/antibiogram/antibiogram.go:221.10,222.46 1 0
github.com/gidyon/antibug/internal/modules/antibiogram/antibiogram.go:228.16,230.3 1 0
github.com/gidyon/antibug/internal/modules/antibiogram/antibiogram.go:237.45,246.16 5 2
github.com/gidyon/antibug/internal/modules/antibiogram/antibiogram.go:250.2,261.39 4 2
github.com/gidyon/antibug/internal/modules/antibiogram/antibiogram.go:295.2,295.47 1 2
github.com/gidyon/antibug/internal/modules/antibiogram/antibiogram.go:300.2,301.16 2 2
github.com/gidyon/antibug/internal/modules/antibiogram/antibiogram.go:306.2,307.16 2 2
github.com/gidyon/antibug/internal/modules/antibiogram/antibiogram.go:311.2,311.33 1 2
github.com/gidyon/antibug/internal/modules/antibiogram/antibiogram.go:246.16,248.3 1 0
github.com/gidyon/antibug/internal/modules/antibiogram/antibiogram.go:261.39,263.17 2 1232
github.com/gidyon/antibug/internal/modules/antibiogram/antibiogram.go:267.3,267.63 1 1232
github.com/gidyon/antibug/internal/modules/antibiogram/antibiogram.go:263.17,265.4 1 0
github.com/gidyon/antibug/internal/modules/antibiogram/antibiogram.go:267.63,268.59 1 3696
github.com/gidyon/antibug/internal/modules/antibiogram/antibiogram.go:268.59,270.12 2 1300
github.com/gidyon/antibug/internal/modules/antibiogram/antibiogram.go:282.5,289.58 5 1298
github.com/gidyon/antibug/internal/modules/antibiogram/antibiogram.go:270.12,279.14 3 2
github.com/gidyon/antibug/internal/modules/antibiogram/antibiogram.go:295.47,297.3 1 2
github.com/gidyon/antibug/internal/modules/antibiogram/antibiogram.go:301.16,303.3 1 0
github.com/gidyon/antibug/internal/modules/antibiogram/antibiogram.go:307.16,309.3 1 0
github.com/gidyon/antibug/internal/modules/antibiogram/antibiogram.go:314.55,316.9 2 12
github.com/gidyon/antibug/internal/modules/antibiogram/antibiogram.go:322.2,322.12 1 12
github.com/gidyon/antibug/internal/modules/antibiogram/antibiogram.go:317.41,318.41 1 4
github.com/gidyon/antibug/internal/modules/antibiogram/antibiogram.go:319.98,320.41 1 4
github.com/gidyon/antibug/internal/modules/antibiogram/antibiogram.go:327.46,329.19 1 4
github.com/gidyon/antibug/internal/modules/antibiogram/antibiogram.go:334.2,335.16 2 3
github.com/gidyon/antibug/internal/modules/antibiogram/antibiogram.go:340.2,341.16 2 3
github.com/gidyon/antibug/internal/modules/antibiogram/antibiogram.go:345.2,348.45 2 1
github.com/gidyon/antibug/internal/modules/antibiogram/antibiogram.go:358.2,360.8 1 1
github.com/gidyon/antibug/internal/modules/antibiogram/antibiogram.go:329.19,331.3 1 1
github.com/gidyon/antibug/internal/modules/antibiogram/antibiogram.go:335.16,337.3 1 0
github.com/gidyon/antibug/internal/modules/antibiogram/antibiogram.go:341.16,343.3 1 2
github.com/gidyon/antibug/internal/modules/antibiogram/antibiogram.go:348.45,350.17 2 3
github.com/gidyon/antibug/internal/modules/antibiogram/antibiogram.go:355.3,355.75 1 3
github.com/gidyon/antibug/internal/modules/antibiogram/antibiogram.go:350.17,352.12 2 0
github.com/gidyon/antibug/internal/modules/antibiogram/antibiogram.go:365.45,367.19 1 4
github.com/gidyon/antibug/internal/modules/antibiogram/antibiogram.go:372.2,373.16 2 3
github.com/gidyon/antibug/internal/modules/antibiogram/antibiogram.go:378.2,379.16 2 3
github.com/gidyon/antibug/internal/modules/antibiogram/antibiogram.go:384.2,384.60 1 1
github.com/gidyon/antibug/internal/modules/antibiogram/antibiogram.go:367.19,369.3 1 1
github.com/gidyon/antibug/internal/modules/antibiogram/antibiogram.go:373.16,375.3 1 0
github.com/gidyon/antibug/internal/modules/antibiogram/antibiogram.go:379.16,381.3 1 2
github.com/gidyon/antibug/internal/modules/antibiogram/antibiogram.go:389.50,395.9 3 4
github.com/gidyon/antibug/internal/modules/antibiogram/antibiogram.go:404.2,406.16 3 2
github.com/gidyon/antibug/internal/modules/antibiogram/antibiogram.go:410.2,410.38 1 2
github.com/gidyon/antibug/internal/modules/antibiogram/antibiogram.go:396.18,396.18 0 2
github.com/gidyon/antibug/internal/modules/antibiogram/antibiogram.go:397.33,398.73 1 2
github.com/gidyon/antibug/internal/modules/antibiogram/antibiogram.go:399.10,400.46 1 0
github.com/gidyon/antibug/internal/modules/antibiogram/antibiogram.go:406.16,408.3 1 0
github.com/gidyon/antibug/internal/modules/antibiogram/antibiogram.go:415.50,424.16 5 2
github.com/gidyon/antibug/internal/modules/antibiogram/antibiogram.go:428.2,439.39 4 2
github.com/gidyon/antibug/internal/modules/antibiogram/antibiogram.go:474.2,474.52 1 2
github.com/gidyon/antibug/internal/modules/antibiogram/antibiogram.go:479.2,480.16 2 2
github.com/gidyon/antibug/internal/modules/antibiogram/antibiogram.go:485.2,486.16 2 2
github.com/gidyon/antibug/internal/modules/antibiogram/antibiogram.go:490.2,490.38 1 2
github.com/gidyon/antibug/internal/modules/antibiogram/antibiogram.go:424.16,426.3 1 0
github.com/gidyon/antibug/internal/modules/antibiogram/antibiogram.go:439.39,441.17 2 460
github.com/gidyon/antibug/internal/modules/antibiogram/antibiogram.go:445.3,445.63 1 460
github.com/gidyon/antibug/internal/modules/antibiogram/antibiogram.go:441.17,443.4 1 0
github.com/gidyon/antibug/internal/modules/antibiogram/antibiogram.go:445.63,446.69 1 1380
github.com/gidyon/antibug/internal/modules/antibiogram/antibiogram.go:446.69,448.12 2 481
github.com/gidyon/antibug/internal/modules/antibiogram/antibiogram.go:460.5,468.63 5 479
github.com/gidyon/antibug/internal/modules/antibiogram/antibiogram.go:448.12,457.14 3 2
github.com/gidyon/antibug/internal/modules/antibiogram/antibiogram.go:474.52,476.3 1 2
github.com/gidyon/antibug/internal/modules/antibiogram/antibiogram.go:480.16,482.3 1 0
github.com/gidyon/antibug/internal/modules/antibiogram/antibiogram.go:486.16,488.3 1 0
github.com/gidyon/antibug/internal/modules/antibiogram/antibiogram.go:495.51,497.19 1 4
github.com/gidyon/antibug/internal/modules/antibiogram/antibiogram.go:502.2,503.16 2 3
github.com/gidyon/antibug/internal/modules/antibiogram/antibiogram.go:508.2,509.16 2 3
github.com/gidyon/antibug/internal/modules/antibiogram/antibiogram.go:513.2,516.45 2 1
github.com/gidyon/antibug/internal/modules/antibiogram/antibiogram.go:526.2,528.8 1 1
github.com/gidyon/antibug/internal/modules/antibiogram/antibiogram.go:497.19,499.3 1 1
github.com/gidyon/antibug/internal/modules/antibiogram/antibiogram.go:503.16,505.3 1 0
github.com/gidyon/antibug/internal/modules/antibiogram/antibiogram.go:509.16,511.3 1 2
github.com/gidyon/antibug/internal/modules/antibiogram/antibiogram.go:516.45,518.17 2 3
github.com/gidyon/antibug/internal/modules/antibiogram/antibiogram.go:523.3,523.90 1 3
github.com/gidyon/antibug/internal/modules/antibiogram/antibiogram.go:518.17,520.12 2 0
github.com/gidyon/antibug/internal/modules/antibiogram/antibiogram.go:533.50,535.19 1 4
github.com/gidyon/antibug/internal/modules/antibiogram/antibiogram.go:540.2,541.16 2 3
github.com/gidyon/antibug/internal/modules/antibiogram/antibiogram.go:546.2,547.16 2 3
github.com/gidyon/antibug/internal/modules/antibiogram/antibiogram.go:552.2,552.65 1 1
github.com/gidyon/antibug/internal/modules/antibiogram/antibiogram.go:535.19,537.3 1 1
github.com/gidyon/antibug/internal/modules/antibiogram/antibiogram.go:541.16,543.3 1 0
github.com/gidyon/antibug/internal/modules/antibiogram/antibiogram.go:547.16,549.3 1 2
