mode: atomic
github.com/gidyon/antibug/internal/modules/facility/facility.go:32.92,34.9 2 3
github.com/gidyon/antibug/internal/modules/facility/facility.go:42.2,42.16 1 3
github.com/gidyon/antibug/internal/modules/facility/facility.go:46.2,56.16 3 1
github.com/gidyon/antibug/internal/modules/facility/facility.go:61.2,62.16 2 1
github.com/gidyon/antibug/internal/modules/facility/facility.go:67.2,68.16 2 1
github.com/gidyon/antibug/internal/modules/facility/facility.go:72.2,72.18 1 1
github.com/gidyon/antibug/internal/modules/facility/facility.go:35.18,36.34 1 0
github.com/gidyon/antibug/internal/modules/facility/facility.go:37.24,38.32 1 1
github.com/gidyon/antibug/internal/modules/facility/facility.go:39.25,40.33 1 1
github.com/gidyon/antibug/internal/modules/facility/facility.go:42.16,44.3 1 2
github.com/gidyon/antibug/internal/modules/facility/facility.go:56.16,58.3 1 0
github.com/gidyon/antibug/internal/modules/facility/facility.go:62.16,64.3 1 0
github.com/gidyon/antibug/internal/modules/facility/facility.go:68.16,70.3 1 0
github.com/gidyon/antibug/internal/modules/facility/facility.go:77.42,79.19 1 12
github.com/gidyon/antibug/internal/modules/facility/facility.go:83.2,86.22 2 11
github.com/gidyon/antibug/internal/modules/facility/facility.go:102.2,102.16 1 11
github.com/gidyon/antibug/internal/modules/facility/facility.go:107.2,108.16 2 6
github.com/gidyon/antibug/internal/modules/facility/facility.go:113.2,114.9 2 6
github.com/gidyon/antibug/internal/modules/facility/facility.go:123.2,125.8 1 5
github.com/gidyon/antibug/internal/modules/facility/facility.go:79.19,81.3 1 1
github.com/gidyon/antibug/internal/modules/facility/facility.go:86.22,88.10 2 11
github.com/gidyon/antibug/internal/modules/facility/facility.go:100.3,100.13 1 11
github.com/gidyon/antibug/internal/modules/facility/facility.go:89.57,90.44 1 1
github.com/gidyon/antibug/internal/modules/facility/facility.go:91.51,92.41 1 1
github.com/gidyon/antibug/internal/modules/facility/facility.go:93.35,94.42 1 1
github.com/gidyon/antibug/internal/modules/facility/facility.go:95.54,96.41 1 1
github.com/gidyon/antibug/internal/modules/facility/facility.go:97.38,98.46 1 1
github.com/gidyon/antibug/internal/modules/facility/facility.go:102.16,104.3 1 5
github.com/gidyon/antibug/internal/modules/facility/facility.go:108.16,110.3 1 0
github.com/gidyon/antibug/internal/modules/facility/facility.go:115.18,115.18 0 5
github.com/gidyon/antibug/internal/modules/facility/facility.go:116.67,117.76 1 1
github.com/gidyon/antibug/internal/modules/facility/facility.go:118.10,119.49 1 0
github.com/gidyon/antibug/internal/modules/facility/facility.go:130.25,132.19 1 4
github.com/gidyon/antibug/internal/modules/facility/facility.go:136.2,136.34 1 3
github.com/gidyon/antibug/internal/modules/facility/facility.go:141.2,142.16 2 2
github.com/gidyon/antibug/internal/modules/facility/facility.go:146.2,146.28 1 2
github.com/gidyon/antibug/internal/modules/facility/facility.go:132.19,134.3 1 1
github.com/gidyon/antibug/internal/modules/facility/facility.go:136.34,138.3 1 1
github.com/gidyon/antibug/internal/modules/facility/facility.go:142.16,144.3 1 0
github.com/gidyon/antibug/internal/modules/facility/facility.go:151.31,153.19 1 6
github.com/gidyon/antibug/internal/modules/facility/facility.go:158.2,158.19 1 5
github.com/gidyon/antibug/internal/modules/facility/facility.go:163.2,163.29 1 5
github.com/gidyon/antibug/internal/modules/facility/facility.go:167.2,170.9 3 4
github.com/gidyon/antibug/internal/modules/facility/facility.go:179.2,180.16 2 2
github.com/gidyon/antibug/internal/modules/facility/facility.go:184.2,184.24 1 2
github.com/gidyon/antibug/internal/modules/facility/facility.go:153.19,155.3 1 1
github.com/gidyon/antibug/internal/modules/facility/facility.go:158.19,160.3 1 0
github.com/gidyon/antibug/internal/modules/facility/facility.go:163.29,165.3 1 1
github.com/gidyon/antibug/internal/modules/facility/facility.go:171.18,171.18 0 2
github.com/gidyon/antibug/internal/modules/facility/facility.go:172.46,173.59 1 2
github.com/gidyon/antibug/internal/modules/facility/facility.go:174.10,175.46 1 0
github.com/gidyon/antibug/internal/modules/facility/facility.go:180.16,182.3 1 0
github.com/gidyon/antibug/internal/modules/facility/facility.go:189.33,191.20 1 4
github.com/gidyon/antibug/internal/modules/facility/facility.go:196.2,202.16 5 3
github.com/gidyon/antibug/internal/modules/facility/facility.go:206.2,207.42 2 3
github.com/gidyon/antibug/internal/modules/facility/facility.go:215.2,217.8 1 3
github.com/gidyon/antibug/internal/modules/facility/facility.go:191.20,193.3 1 1
github.com/gidyon/antibug/internal/modules/facility/facility.go:202.16,204.3 1 0
github.com/gidyon/antibug/internal/modules/facility/facility.go:207.42,209.17 2 20
github.com/gidyon/antibug/internal/modules/facility/facility.go:212.3,212.50 1 20
github.com/gidyon/antibug/internal/modules/facility/facility.go:209.17,211.4 1 0
github.com/gidyon/antibug/internal/modules/facility/facility.go:222.33,224.22 1 5
github.com/gidyon/antibug/internal/modules/facility/facility.go:229.2,229.27 1 4
github.com/gidyon/antibug/internal/modules/facility/facility.go:235.2,244.9 6 3
github.com/gidyon/antibug/internal/modules/facility/facility.go:251.2,253.42 2 3
github.com/gidyon/antibug/internal/modules/facility/facility.go:261.2,264.8 1 3
github.com/gidyon/antibug/internal/modules/facility/facility.go:224.22,226.3 1 1
github.com/gidyon/antibug/internal/modules/facility/facility.go:229.27,233.3 1 1
github.com/gidyon/antibug/internal/modules/facility/facility.go:245.18,245.18 0 3
github.com/gidyon/antibug/internal/modules/facility/facility.go:246.10,247.49 1 0
github.com/gidyon/antibug/internal/modules/facility/facility.go:253.42,255.17 2 10
github.com/gidyon/antibug/internal/modules/facility/facility.go:258.3,258.50 1 10
github.com/gidyon/antibug/internal/modules/facility/facility.go:255.17,257.4 1 0
github.com/gidyon/antibug/internal/modules/facility/facility.go:269.31,273.2 1 0
github.com/gidyon/antibug/internal/modules/facility/facility.go:277.34,281.2 1 0
github.com/gidyon/antibug/internal/modules/facility/load.go:7.57,9.16 2 1
github.com/gidyon/antibug/internal/modules/facility/load.go:13.2,14.16 2 1
github.com/gidyon/antibug/internal/modules/facility/load.go:18.2,18.12 1 1
github.com/gidyon/antibug/internal/modules/facility/load.go:9.16,11.3 1 0
github.com/gidyon/antibug/internal/modules/facility/load.go:14.16,16.3 1 0
github.com/gidyon/antibug/internal/modules/facility/load.go:21.61,28.16 3 1
github.com/gidyon/antibug/internal/modules/facility/load.go:32.2,34.38 2 1
github.com/gidyon/antibug/internal/modules/facility/load.go:41.2,43.12 2 1
github.com/gidyon/antibug/internal/modules/facility/load.go:28.16,30.3 1 0
github.com/gidyon/antibug/internal/modules/facility/load.go:34.38,39.3 1 0
github.com/gidyon/antibug/internal/modules/facility/load.go:46.64,53.16 3 1
github.com/gidyon/antibug/internal/modules/facility/load.go:57.2,59.44 2 1
github.com/gidyon/antibug/internal/modules/facility/load.go:66.2,68.12 2 1
github.com/gidyon/antibug/internal/modules/facility/load.go:53.16,55.3 1 0
github.com/gidyon/antibug/internal/modules/facility/load.go:59.44,64.3 1 0
github.com/gidyon/antibug/internal/modules/facility/model.go:22.37,24.2 1 35
github.com/gidyon/antibug/internal/modules/facility/model.go:28.22,30.23 1 6
github.com/gidyon/antibug/internal/modules/facility/model.go:34.2,42.24 2 6
github.com/gidyon/antibug/internal/modules/facility/model.go:30.23,32.3 1 0
github.com/gidyon/antibug/internal/modules/facility/model.go:48.31,50.23 1 32
github.com/gidyon/antibug/internal/modules/facility/model.go:54.2,63.24 2 32
github.com/gidyon/antibug/internal/modules/facility/model.go:50.23,52.3 1 0
github.com/gidyon/antibug/internal/modules/facility/model.go:74.35,76.2 1 5
github.com/gidyon/antibug/internal/modules/facility/model.go:86.38,88.2 1 5
