mode: atomic
github.com/gidyon/antibug/internal/modules/facility/load.go:7.57,9.16 2 1
github.com/gidyon/antibug/internal/modules/facility/load.go:13.2,14.16 2 1
github.com/gidyon/antibug/internal/modules/facility/load.go:18.2,18.12 1 1
github.com/gidyon/antibug/internal/modules/facility/load.go:9.16,11.3 1 0
github.com/gidyon/antibug/internal/modules/facility/load.go:14.16,16.3 1 0
github.com/gidyon/antibug/internal/modules/facility/load.go:21.61,28.16 3 1
github.com/gidyon/antibug/internal/modules/facility/load.go:32.2,34.38 2 1
github.com/gidyon/antibug/internal/modules/facility/load.go:41.2,43.12 2 1
github.com/gidyon/antibug/internal/modules/facility/load.go:28.16,30.3 1 0
github.com/gidyon/antibug/internal/modules/facility/load.go:34.38,39.3 1 0
github.com/gidyon/antibug/internal/modules/facility/load.go:46.64,53.16 3 1
github.com/gidyon/antibug/internal/modules/facility/load.go:57.2,59.44 2 1
github.com/gidyon/antibug/internal/modules/facility/load.go:66.2,68.12 2 1
github.com/gidyon/antibug/internal/modules/facility/load.go:53.16,55.3 1 0
github.com/gidyon/antibug/internal/modules/facility/load.go:59.44,64.3 1 0
github.com/gidyon/antibug/internal/modules/facility/model.go:22.37,24.2 1 35
github.com/gidyon/antibug/internal/modules/facility/model.go:28.22,30.23 1 6
github.com/gidyon/antibug/internal/modules/facility/model.go:34.2,42.24 2 6
github.com/gidyon/antibug/internal/modules/facility/model.go:30.23,32.3 1 0
github.com/gidyon/antibug/internal/modules/facility/model.go:48.31,50.23 1 102
github.com/gidyon/antibug/internal/modules/facility/model.go:54.2,63.24 2 102
github.com/gidyon/antibug/internal/modules/facility/model.go:50.23,52.3 1 0
github.com/gidyon/antibug/internal/modules/facility/model.go:74.35,76.2 1 5
github.com/gidyon/antibug/internal/modules/facility/model.go:86.38,88.2 1 5
github.com/gidyon/antibug/internal/modules/facility/facility.go:35.92,37.9 2 5
github.com/gidyon/antibug/internal/modules/facility/facility.go:47.2,47.16 1 5
github.com/gidyon/antibug/internal/modules/facility/facility.go:51.2,52.16 2 1
github.com/gidyon/antibug/internal/modules/facility/facility.go:56.2,67.16 3 1
github.com/gidyon/antibug/internal/modules/facility/facility.go:72.2,73.16 2 1
github.com/gidyon/antibug/internal/modules/facility/facility.go:78.2,79.16 2 1
github.com/gidyon/antibug/internal/modules/facility/facility.go:83.2,83.18 1 1
github.com/gidyon/antibug/internal/modules/facility/facility.go:38.18,39.34 1 1
github.com/gidyon/antibug/internal/modules/facility/facility.go:40.24,41.32 1 1
github.com/gidyon/antibug/internal/modules/facility/facility.go:42.25,43.33 1 1
github.com/gidyon/antibug/internal/modules/facility/facility.go:44.31,45.44 1 1
github.com/gidyon/antibug/internal/modules/facility/facility.go:47.16,49.3 1 4
github.com/gidyon/antibug/internal/modules/facility/facility.go:52.16,54.3 1 0
github.com/gidyon/antibug/internal/modules/facility/facility.go:67.16,69.3 1 0
github.com/gidyon/antibug/internal/modules/facility/facility.go:73.16,75.3 1 0
github.com/gidyon/antibug/internal/modules/facility/facility.go:79.16,81.3 1 0
github.com/gidyon/antibug/internal/modules/facility/facility.go:88.42,90.19 1 12
github.com/gidyon/antibug/internal/modules/facility/facility.go:95.2,96.16 2 11
github.com/gidyon/antibug/internal/modules/facility/facility.go:100.2,103.9 2 11
github.com/gidyon/antibug/internal/modules/facility/facility.go:115.2,115.16 1 11
github.com/gidyon/antibug/internal/modules/facility/facility.go:120.2,121.16 2 6
github.com/gidyon/antibug/internal/modules/facility/facility.go:126.2,127.9 2 6
github.com/gidyon/antibug/internal/modules/facility/facility.go:136.2,138.8 1 5
github.com/gidyon/antibug/internal/modules/facility/facility.go:90.19,92.3 1 1
github.com/gidyon/antibug/internal/modules/facility/facility.go:96.16,98.3 1 0
github.com/gidyon/antibug/internal/modules/facility/facility.go:104.56,105.43 1 1
github.com/gidyon/antibug/internal/modules/facility/facility.go:106.50,107.40 1 1
github.com/gidyon/antibug/internal/modules/facility/facility.go:108.34,109.41 1 1
github.com/gidyon/antibug/internal/modules/facility/facility.go:110.53,111.40 1 1
github.com/gidyon/antibug/internal/modules/facility/facility.go:112.37,113.45 1 1
github.com/gidyon/antibug/internal/modules/facility/facility.go:115.16,117.3 1 5
github.com/gidyon/antibug/internal/modules/facility/facility.go:121.16,123.3 1 0
github.com/gidyon/antibug/internal/modules/facility/facility.go:128.18,128.18 0 5
github.com/gidyon/antibug/internal/modules/facility/facility.go:129.67,130.76 1 1
github.com/gidyon/antibug/internal/modules/facility/facility.go:131.10,132.49 1 0
github.com/gidyon/antibug/internal/modules/facility/facility.go:143.25,145.19 1 4
github.com/gidyon/antibug/internal/modules/facility/facility.go:150.2,151.16 2 3
github.com/gidyon/antibug/internal/modules/facility/facility.go:155.2,155.34 1 3
github.com/gidyon/antibug/internal/modules/facility/facility.go:160.2,161.16 2 2
github.com/gidyon/antibug/internal/modules/facility/facility.go:165.2,165.28 1 2
github.com/gidyon/antibug/internal/modules/facility/facility.go:145.19,147.3 1 1
github.com/gidyon/antibug/internal/modules/facility/facility.go:151.16,153.3 1 0
github.com/gidyon/antibug/internal/modules/facility/facility.go:155.34,157.3 1 1
github.com/gidyon/antibug/internal/modules/facility/facility.go:161.16,163.3 1 0
github.com/gidyon/antibug/internal/modules/facility/facility.go:170.31,172.19 1 6
github.com/gidyon/antibug/internal/modules/facility/facility.go:177.2,178.16 2 5
github.com/gidyon/antibug/internal/modules/facility/facility.go:183.2,183.19 1 5
github.com/gidyon/antibug/internal/modules/facility/facility.go:188.2,188.29 1 5
github.com/gidyon/antibug/internal/modules/facility/facility.go:192.2,195.9 3 4
github.com/gidyon/antibug/internal/modules/facility/facility.go:204.2,205.16 2 2
github.com/gidyon/antibug/internal/modules/facility/facility.go:209.2,209.24 1 2
github.com/gidyon/antibug/internal/modules/facility/facility.go:172.19,174.3 1 1
github.com/gidyon/antibug/internal/modules/facility/facility.go:178.16,180.3 1 0
github.com/gidyon/antibug/internal/modules/facility/facility.go:183.19,185.3 1 0
github.com/gidyon/antibug/internal/modules/facility/facility.go:188.29,190.3 1 1
github.com/gidyon/antibug/internal/modules/facility/facility.go:196.18,196.18 0 2
github.com/gidyon/antibug/internal/modules/facility/facility.go:197.46,198.59 1 2
github.com/gidyon/antibug/internal/modules/facility/facility.go:199.10,200.46 1 0
github.com/gidyon/antibug/internal/modules/facility/facility.go:205.16,207.3 1 0
github.com/gidyon/antibug/internal/modules/facility/facility.go:214.62,215.20 1 6
github.com/gidyon/antibug/internal/modules/facility/facility.go:218.2,218.19 1 6
github.com/gidyon/antibug/internal/modules/facility/facility.go:221.2,221.32 1 6
github.com/gidyon/antibug/internal/modules/facility/facility.go:224.2,224.38 1 6
github.com/gidyon/antibug/internal/modules/facility/facility.go:215.20,217.3 1 4
github.com/gidyon/antibug/internal/modules/facility/facility.go:218.19,220.3 1 6
github.com/gidyon/antibug/internal/modules/facility/facility.go:221.32,223.3 1 0
github.com/gidyon/antibug/internal/modules/facility/facility.go:229.33,231.20 1 4
github.com/gidyon/antibug/internal/modules/facility/facility.go:236.2,237.16 2 3
github.com/gidyon/antibug/internal/modules/facility/facility.go:242.2,247.16 4 3
github.com/gidyon/antibug/internal/modules/facility/facility.go:251.2,253.42 2 3
github.com/gidyon/antibug/internal/modules/facility/facility.go:262.2,265.8 1 3
github.com/gidyon/antibug/internal/modules/facility/facility.go:231.20,233.3 1 1
github.com/gidyon/antibug/internal/modules/facility/facility.go:237.16,239.3 1 0
github.com/gidyon/antibug/internal/modules/facility/facility.go:247.16,249.3 1 0
github.com/gidyon/antibug/internal/modules/facility/facility.go:253.42,255.17 2 63
github.com/gidyon/antibug/internal/modules/facility/facility.go:258.3,259.33 2 63
github.com/gidyon/antibug/internal/modules/facility/facility.go:255.17,257.4 1 0
github.com/gidyon/antibug/internal/modules/facility/facility.go:270.33,272.22 1 5
github.com/gidyon/antibug/internal/modules/facility/facility.go:277.2,278.16 2 4
github.com/gidyon/antibug/internal/modules/facility/facility.go:283.2,283.27 1 4
github.com/gidyon/antibug/internal/modules/facility/facility.go:289.2,298.9 5 3
github.com/gidyon/antibug/internal/modules/facility/facility.go:305.2,307.42 2 3
github.com/gidyon/antibug/internal/modules/facility/facility.go:316.2,319.8 1 3
github.com/gidyon/antibug/internal/modules/facility/facility.go:272.22,274.3 1 1
github.com/gidyon/antibug/internal/modules/facility/facility.go:278.16,280.3 1 0
github.com/gidyon/antibug/internal/modules/facility/facility.go:283.27,287.3 1 1
github.com/gidyon/antibug/internal/modules/facility/facility.go:299.18,299.18 0 3
github.com/gidyon/antibug/internal/modules/facility/facility.go:300.10,301.49 1 0
github.com/gidyon/antibug/internal/modules/facility/facility.go:307.42,309.17 2 37
github.com/gidyon/antibug/internal/modules/facility/facility.go:312.3,313.33 2 37
github.com/gidyon/antibug/internal/modules/facility/facility.go:309.17,311.4 1 0
github.com/gidyon/antibug/internal/modules/facility/facility.go:324.31,327.16 2 0
github.com/gidyon/antibug/internal/modules/facility/facility.go:331.2,333.8 1 0
github.com/gidyon/antibug/internal/modules/facility/facility.go:327.16,329.3 1 0
github.com/gidyon/antibug/internal/modules/facility/facility.go:338.34,341.16 2 0
github.com/gidyon/antibug/internal/modules/facility/facility.go:345.2,347.8 1 0
github.com/gidyon/antibug/internal/modules/facility/facility.go:341.16,343.3 1 0
