mode: atomic
github.com/gidyon/antibug/internal/modules/account/account.go:34.89,36.9 2 4
github.com/gidyon/antibug/internal/modules/account/account.go:46.2,46.16 1 4
github.com/gidyon/antibug/internal/modules/account/account.go:50.2,51.16 2 1
github.com/gidyon/antibug/internal/modules/account/account.go:55.2,63.16 3 1
github.com/gidyon/antibug/internal/modules/account/account.go:67.2,67.17 1 1
github.com/gidyon/antibug/internal/modules/account/account.go:37.18,38.34 1 0
github.com/gidyon/antibug/internal/modules/account/account.go:39.24,40.32 1 1
github.com/gidyon/antibug/internal/modules/account/account.go:41.25,42.33 1 1
github.com/gidyon/antibug/internal/modules/account/account.go:43.28,44.41 1 1
github.com/gidyon/antibug/internal/modules/account/account.go:46.16,48.3 1 3
github.com/gidyon/antibug/internal/modules/account/account.go:51.16,53.3 1 0
github.com/gidyon/antibug/internal/modules/account/account.go:63.16,65.3 1 0
github.com/gidyon/antibug/internal/modules/account/account.go:72.35,74.21 1 6
github.com/gidyon/antibug/internal/modules/account/account.go:79.2,80.9 2 5
github.com/gidyon/antibug/internal/modules/account/account.go:86.2,86.16 1 5
github.com/gidyon/antibug/internal/modules/account/account.go:91.2,93.9 3 3
github.com/gidyon/antibug/internal/modules/account/account.go:102.2,102.30 1 3
github.com/gidyon/antibug/internal/modules/account/account.go:107.2,108.16 2 3
github.com/gidyon/antibug/internal/modules/account/account.go:113.2,113.23 1 3
github.com/gidyon/antibug/internal/modules/account/account.go:120.2,121.16 2 2
github.com/gidyon/antibug/internal/modules/account/account.go:127.2,136.16 3 1
github.com/gidyon/antibug/internal/modules/account/account.go:141.2,146.8 1 1
github.com/gidyon/antibug/internal/modules/account/account.go:74.21,76.3 1 1
github.com/gidyon/antibug/internal/modules/account/account.go:81.31,82.38 1 1
github.com/gidyon/antibug/internal/modules/account/account.go:83.31,84.38 1 1
github.com/gidyon/antibug/internal/modules/account/account.go:86.16,88.3 1 2
github.com/gidyon/antibug/internal/modules/account/account.go:94.18,94.18 0 3
github.com/gidyon/antibug/internal/modules/account/account.go:95.46,96.54 1 0
github.com/gidyon/antibug/internal/modules/account/account.go:97.10,98.48 1 0
github.com/gidyon/antibug/internal/modules/account/account.go:102.30,106.3 1 0
github.com/gidyon/antibug/internal/modules/account/account.go:108.16,110.3 1 0
github.com/gidyon/antibug/internal/modules/account/account.go:113.23,117.3 1 1
github.com/gidyon/antibug/internal/modules/account/account.go:121.16,125.3 1 1
github.com/gidyon/antibug/internal/modules/account/account.go:136.16,138.3 1 0
github.com/gidyon/antibug/internal/modules/account/account.go:150.47,152.16 2 3
github.com/gidyon/antibug/internal/modules/account/account.go:156.2,156.33 1 3
github.com/gidyon/antibug/internal/modules/account/account.go:152.16,154.3 1 0
github.com/gidyon/antibug/internal/modules/account/account.go:160.57,162.2 1 2
github.com/gidyon/antibug/internal/modules/account/account.go:166.43,168.22 1 18
github.com/gidyon/antibug/internal/modules/account/account.go:173.2,175.9 3 17
github.com/gidyon/antibug/internal/modules/account/account.go:189.2,189.16 1 17
github.com/gidyon/antibug/internal/modules/account/account.go:194.2,195.16 2 11
github.com/gidyon/antibug/internal/modules/account/account.go:200.2,200.30 1 11
github.com/gidyon/antibug/internal/modules/account/account.go:217.2,221.9 3 11
github.com/gidyon/antibug/internal/modules/account/account.go:235.2,237.8 1 11
github.com/gidyon/antibug/internal/modules/account/account.go:168.22,170.3 1 1
github.com/gidyon/antibug/internal/modules/account/account.go:176.24,177.34 1 1
github.com/gidyon/antibug/internal/modules/account/account.go:178.33,179.39 1 1
github.com/gidyon/antibug/internal/modules/account/account.go:180.32,181.38 1 1
github.com/gidyon/antibug/internal/modules/account/account.go:182.29,183.35 1 1
github.com/gidyon/antibug/internal/modules/account/account.go:184.29,185.35 1 1
github.com/gidyon/antibug/internal/modules/account/account.go:186.30,187.36 1 1
github.com/gidyon/antibug/internal/modules/account/account.go:189.16,191.3 1 6
github.com/gidyon/antibug/internal/modules/account/account.go:195.16,197.3 1 0
github.com/gidyon/antibug/internal/modules/account/account.go:200.30,202.54 1 3
github.com/gidyon/antibug/internal/modules/account/account.go:209.3,210.17 2 3
github.com/gidyon/antibug/internal/modules/account/account.go:214.3,214.34 1 3
github.com/gidyon/antibug/internal/modules/account/account.go:202.54,206.4 1 0
github.com/gidyon/antibug/internal/modules/account/account.go:210.17,212.4 1 0
github.com/gidyon/antibug/internal/modules/account/account.go:222.18,222.18 0 11
github.com/gidyon/antibug/internal/modules/account/account.go:223.10,225.10 2 0
github.com/gidyon/antibug/internal/modules/account/account.go:226.42,227.61 1 0
github.com/gidyon/antibug/internal/modules/account/account.go:228.42,229.61 1 0
github.com/gidyon/antibug/internal/modules/account/account.go:230.11,231.50 1 0
github.com/gidyon/antibug/internal/modules/account/account.go:242.25,244.24 1 4
github.com/gidyon/antibug/internal/modules/account/account.go:249.2,250.16 2 3
github.com/gidyon/antibug/internal/modules/account/account.go:255.2,255.9 1 3
github.com/gidyon/antibug/internal/modules/account/account.go:259.2,259.16 1 3
github.com/gidyon/antibug/internal/modules/account/account.go:264.2,265.16 2 2
github.com/gidyon/antibug/internal/modules/account/account.go:269.2,269.28 1 2
github.com/gidyon/antibug/internal/modules/account/account.go:244.24,246.3 1 1
github.com/gidyon/antibug/internal/modules/account/account.go:250.16,252.3 1 0
github.com/gidyon/antibug/internal/modules/account/account.go:256.35,257.40 1 1
github.com/gidyon/antibug/internal/modules/account/account.go:259.16,261.3 1 1
github.com/gidyon/antibug/internal/modules/account/account.go:265.16,267.3 1 0
github.com/gidyon/antibug/internal/modules/account/account.go:274.25,276.22 1 4
github.com/gidyon/antibug/internal/modules/account/account.go:281.2,282.16 2 3
github.com/gidyon/antibug/internal/modules/account/account.go:287.2,287.9 1 3
github.com/gidyon/antibug/internal/modules/account/account.go:293.2,293.16 1 3
github.com/gidyon/antibug/internal/modules/account/account.go:298.2,299.16 2 1
github.com/gidyon/antibug/internal/modules/account/account.go:304.2,306.16 2 1
github.com/gidyon/antibug/internal/modules/account/account.go:310.2,310.28 1 1
github.com/gidyon/antibug/internal/modules/account/account.go:276.22,278.3 1 1
github.com/gidyon/antibug/internal/modules/account/account.go:282.16,284.3 1 0
github.com/gidyon/antibug/internal/modules/account/account.go:288.33,289.40 1 1
github.com/gidyon/antibug/internal/modules/account/account.go:290.32,291.34 1 1
github.com/gidyon/antibug/internal/modules/account/account.go:293.16,295.3 1 2
github.com/gidyon/antibug/internal/modules/account/account.go:299.16,301.3 1 0
github.com/gidyon/antibug/internal/modules/account/account.go:306.16,308.3 1 0
github.com/gidyon/antibug/internal/modules/account/account.go:315.29,317.19 1 7
github.com/gidyon/antibug/internal/modules/account/account.go:322.2,323.16 2 6
github.com/gidyon/antibug/internal/modules/account/account.go:328.2,328.28 1 6
github.com/gidyon/antibug/internal/modules/account/account.go:333.2,336.9 3 5
github.com/gidyon/antibug/internal/modules/account/account.go:344.2,345.16 2 4
github.com/gidyon/antibug/internal/modules/account/account.go:349.2,349.23 1 4
github.com/gidyon/antibug/internal/modules/account/account.go:317.19,319.3 1 1
github.com/gidyon/antibug/internal/modules/account/account.go:323.16,325.3 1 0
github.com/gidyon/antibug/internal/modules/account/account.go:328.28,330.3 1 1
github.com/gidyon/antibug/internal/modules/account/account.go:337.18,337.18 0 4
github.com/gidyon/antibug/internal/modules/account/account.go:338.46,339.57 1 1
github.com/gidyon/antibug/internal/modules/account/account.go:340.10,341.46 1 0
github.com/gidyon/antibug/internal/modules/account/account.go:345.16,347.3 1 0
github.com/gidyon/antibug/internal/modules/account/account.go:354.30,356.19 1 4
github.com/gidyon/antibug/internal/modules/account/account.go:361.2,362.16 2 3
github.com/gidyon/antibug/internal/modules/account/account.go:367.2,367.28 1 3
github.com/gidyon/antibug/internal/modules/account/account.go:372.2,375.9 3 2
github.com/gidyon/antibug/internal/modules/account/account.go:383.2,384.16 2 2
github.com/gidyon/antibug/internal/modules/account/account.go:388.2,388.22 1 2
github.com/gidyon/antibug/internal/modules/account/account.go:356.19,358.3 1 1
github.com/gidyon/antibug/internal/modules/account/account.go:362.16,364.3 1 0
github.com/gidyon/antibug/internal/modules/account/account.go:367.28,369.3 1 1
github.com/gidyon/antibug/internal/modules/account/account.go:376.18,376.18 0 2
github.com/gidyon/antibug/internal/modules/account/account.go:377.46,378.57 1 0
github.com/gidyon/antibug/internal/modules/account/account.go:379.10,380.46 1 0
github.com/gidyon/antibug/internal/modules/account/account.go:384.16,386.3 1 0
github.com/gidyon/antibug/internal/modules/account/account.go:393.25,395.22 1 6
github.com/gidyon/antibug/internal/modules/account/account.go:400.2,401.16 2 5
github.com/gidyon/antibug/internal/modules/account/account.go:406.2,406.9 1 5
github.com/gidyon/antibug/internal/modules/account/account.go:412.2,412.16 1 5
github.com/gidyon/antibug/internal/modules/account/account.go:417.2,418.16 2 2
github.com/gidyon/antibug/internal/modules/account/account.go:423.2,425.9 2 2
github.com/gidyon/antibug/internal/modules/account/account.go:431.2,431.28 1 2
github.com/gidyon/antibug/internal/modules/account/account.go:395.22,397.3 1 1
github.com/gidyon/antibug/internal/modules/account/account.go:401.16,403.3 1 0
github.com/gidyon/antibug/internal/modules/account/account.go:407.33,408.35 1 1
github.com/gidyon/antibug/internal/modules/account/account.go:409.33,410.39 1 2
github.com/gidyon/antibug/internal/modules/account/account.go:412.16,414.3 1 3
github.com/gidyon/antibug/internal/modules/account/account.go:418.16,420.3 1 0
github.com/gidyon/antibug/internal/modules/account/account.go:426.18,426.18 0 2
github.com/gidyon/antibug/internal/modules/account/account.go:427.10,428.49 1 0
github.com/gidyon/antibug/internal/modules/account/account.go:436.26,438.19 1 4
github.com/gidyon/antibug/internal/modules/account/account.go:443.2,444.16 2 3
github.com/gidyon/antibug/internal/modules/account/account.go:449.2,449.28 1 3
github.com/gidyon/antibug/internal/modules/account/account.go:454.2,457.9 3 2
github.com/gidyon/antibug/internal/modules/account/account.go:465.2,466.16 2 2
github.com/gidyon/antibug/internal/modules/account/account.go:470.2,472.8 1 2
github.com/gidyon/antibug/internal/modules/account/account.go:438.19,440.3 1 1
github.com/gidyon/antibug/internal/modules/account/account.go:444.16,446.3 1 0
github.com/gidyon/antibug/internal/modules/account/account.go:449.28,451.3 1 1
github.com/gidyon/antibug/internal/modules/account/account.go:458.18,458.18 0 2
github.com/gidyon/antibug/internal/modules/account/account.go:459.46,460.57 1 0
github.com/gidyon/antibug/internal/modules/account/account.go:461.10,462.46 1 0
github.com/gidyon/antibug/internal/modules/account/account.go:466.16,468.3 1 0
github.com/gidyon/antibug/internal/modules/account/account.go:477.25,479.22 1 5
github.com/gidyon/antibug/internal/modules/account/account.go:484.2,485.16 2 4
github.com/gidyon/antibug/internal/modules/account/account.go:490.2,490.9 1 4
github.com/gidyon/antibug/internal/modules/account/account.go:496.2,496.16 1 4
github.com/gidyon/antibug/internal/modules/account/account.go:501.2,501.41 1 2
github.com/gidyon/antibug/internal/modules/account/account.go:517.2,518.16 2 2
github.com/gidyon/antibug/internal/modules/account/account.go:523.2,525.9 2 2
github.com/gidyon/antibug/internal/modules/account/account.go:531.2,531.28 1 2
github.com/gidyon/antibug/internal/modules/account/account.go:479.22,481.3 1 1
github.com/gidyon/antibug/internal/modules/account/account.go:485.16,487.3 1 0
github.com/gidyon/antibug/internal/modules/account/account.go:491.29,492.31 1 1
github.com/gidyon/antibug/internal/modules/account/account.go:493.33,494.39 1 1
github.com/gidyon/antibug/internal/modules/account/account.go:496.16,498.3 1 2
github.com/gidyon/antibug/internal/modules/account/account.go:501.41,502.10 1 4
github.com/gidyon/antibug/internal/modules/account/account.go:510.3,510.17 1 4
github.com/gidyon/antibug/internal/modules/account/account.go:513.3,513.34 1 4
github.com/gidyon/antibug/internal/modules/account/account.go:503.34,504.74 1 0
github.com/gidyon/antibug/internal/modules/account/account.go:505.36,506.76 1 0
github.com/gidyon/antibug/internal/modules/account/account.go:507.28,508.71 1 0
github.com/gidyon/antibug/internal/modules/account/account.go:510.17,512.4 1 0
github.com/gidyon/antibug/internal/modules/account/account.go:518.16,520.3 1 0
github.com/gidyon/antibug/internal/modules/account/account.go:526.18,526.18 0 2
github.com/gidyon/antibug/internal/modules/account/account.go:527.10,528.49 1 0
github.com/gidyon/antibug/internal/modules/account/account.go:536.39,538.19 1 4
github.com/gidyon/antibug/internal/modules/account/account.go:543.2,544.16 2 3
github.com/gidyon/antibug/internal/modules/account/account.go:549.2,549.28 1 3
github.com/gidyon/antibug/internal/modules/account/account.go:554.2,557.9 3 2
github.com/gidyon/antibug/internal/modules/account/account.go:565.2,566.16 2 2
github.com/gidyon/antibug/internal/modules/account/account.go:570.2,572.8 1 2
github.com/gidyon/antibug/internal/modules/account/account.go:538.19,540.3 1 1
github.com/gidyon/antibug/internal/modules/account/account.go:544.16,546.3 1 0
github.com/gidyon/antibug/internal/modules/account/account.go:549.28,551.3 1 1
github.com/gidyon/antibug/internal/modules/account/account.go:558.18,558.18 0 2
github.com/gidyon/antibug/internal/modules/account/account.go:559.46,560.57 1 0
github.com/gidyon/antibug/internal/modules/account/account.go:561.10,562.46 1 0
github.com/gidyon/antibug/internal/modules/account/account.go:566.16,568.3 1 0
github.com/gidyon/antibug/internal/modules/account/account.go:577.25,579.22 1 5
github.com/gidyon/antibug/internal/modules/account/account.go:584.2,585.16 2 4
github.com/gidyon/antibug/internal/modules/account/account.go:590.2,590.9 1 4
github.com/gidyon/antibug/internal/modules/account/account.go:596.2,596.16 1 4
github.com/gidyon/antibug/internal/modules/account/account.go:601.2,601.51 1 2
github.com/gidyon/antibug/internal/modules/account/account.go:614.2,615.16 2 2
github.com/gidyon/antibug/internal/modules/account/account.go:620.2,622.9 2 2
github.com/gidyon/antibug/internal/modules/account/account.go:628.2,628.28 1 2
github.com/gidyon/antibug/internal/modules/account/account.go:579.22,581.3 1 1
github.com/gidyon/antibug/internal/modules/account/account.go:585.16,587.3 1 0
github.com/gidyon/antibug/internal/modules/account/account.go:591.38,592.37 1 1
github.com/gidyon/antibug/internal/modules/account/account.go:593.33,594.39 1 1
github.com/gidyon/antibug/internal/modules/account/account.go:596.16,598.3 1 2
github.com/gidyon/antibug/internal/modules/account/account.go:601.51,602.10 1 4
github.com/gidyon/antibug/internal/modules/account/account.go:608.3,608.17 1 4
github.com/gidyon/antibug/internal/modules/account/account.go:603.38,604.74 1 0
github.com/gidyon/antibug/internal/modules/account/account.go:605.38,606.76 1 0
github.com/gidyon/antibug/internal/modules/account/account.go:608.17,610.4 1 0
github.com/gidyon/antibug/internal/modules/account/account.go:615.16,617.3 1 0
github.com/gidyon/antibug/internal/modules/account/account.go:623.18,623.18 0 2
github.com/gidyon/antibug/internal/modules/account/account.go:624.10,625.49 1 0
github.com/gidyon/antibug/internal/modules/account/model.go:31.36,33.2 1 69
github.com/gidyon/antibug/internal/modules/account/model.go:35.65,36.22 1 12
github.com/gidyon/antibug/internal/modules/account/model.go:40.2,52.23 2 12
github.com/gidyon/antibug/internal/modules/account/model.go:36.22,38.3 1 0
github.com/gidyon/antibug/internal/modules/account/model.go:55.65,56.22 1 7
github.com/gidyon/antibug/internal/modules/account/model.go:60.2,72.23 2 7
github.com/gidyon/antibug/internal/modules/account/model.go:56.22,58.3 1 0
github.com/gidyon/antibug/internal/modules/account/model.go:75.53,77.19 2 2
github.com/gidyon/antibug/internal/modules/account/model.go:83.2,83.18 1 2
github.com/gidyon/antibug/internal/modules/account/model.go:77.19,79.17 2 2
github.com/gidyon/antibug/internal/modules/account/model.go:79.17,81.4 1 0
github.com/gidyon/antibug/internal/modules/account/model.go:86.53,87.19 1 2
github.com/gidyon/antibug/internal/modules/account/model.go:94.2,94.22 1 0
github.com/gidyon/antibug/internal/modules/account/model.go:87.19,89.17 2 2
github.com/gidyon/antibug/internal/modules/account/model.go:92.3,92.19 1 2
github.com/gidyon/antibug/internal/modules/account/model.go:89.17,91.4 1 0
github.com/gidyon/antibug/internal/modules/account/model.go:97.69,99.19 2 2
github.com/gidyon/antibug/internal/modules/account/model.go:105.2,105.24 1 2
github.com/gidyon/antibug/internal/modules/account/model.go:99.19,101.17 2 2
github.com/gidyon/antibug/internal/modules/account/model.go:101.17,103.4 1 0
github.com/gidyon/antibug/internal/modules/account/model.go:108.75,109.25 1 2
github.com/gidyon/antibug/internal/modules/account/model.go:116.2,116.22 1 0
github.com/gidyon/antibug/internal/modules/account/model.go:109.25,111.17 2 2
github.com/gidyon/antibug/internal/modules/account/model.go:114.3,114.19 1 2
github.com/gidyon/antibug/internal/modules/account/model.go:111.17,113.4 1 0
github.com/gidyon/antibug/internal/modules/account/model.go:119.60,121.19 2 2
github.com/gidyon/antibug/internal/modules/account/model.go:127.2,127.22 1 2
github.com/gidyon/antibug/internal/modules/account/model.go:121.19,123.17 2 2
github.com/gidyon/antibug/internal/modules/account/model.go:123.17,125.4 1 0
github.com/gidyon/antibug/internal/modules/account/model.go:130.64,131.37 1 2
github.com/gidyon/antibug/internal/modules/account/model.go:138.2,138.22 1 0
github.com/gidyon/antibug/internal/modules/account/model.go:131.37,133.17 2 2
github.com/gidyon/antibug/internal/modules/account/model.go:136.3,136.19 1 2
github.com/gidyon/antibug/internal/modules/account/model.go:133.17,135.4 1 0
