mode: atomic
github.com/gidyon/antibug/internal/modules/account/account.go:30.89,32.9 2 3
github.com/gidyon/antibug/internal/modules/account/account.go:40.2,40.16 1 3
github.com/gidyon/antibug/internal/modules/account/account.go:44.2,51.16 3 1
github.com/gidyon/antibug/internal/modules/account/account.go:55.2,55.17 1 1
github.com/gidyon/antibug/internal/modules/account/account.go:33.18,34.34 1 0
github.com/gidyon/antibug/internal/modules/account/account.go:35.24,36.32 1 1
github.com/gidyon/antibug/internal/modules/account/account.go:37.25,38.33 1 1
github.com/gidyon/antibug/internal/modules/account/account.go:40.16,42.3 1 2
github.com/gidyon/antibug/internal/modules/account/account.go:51.16,53.3 1 0
github.com/gidyon/antibug/internal/modules/account/account.go:60.35,62.21 1 6
github.com/gidyon/antibug/internal/modules/account/account.go:67.2,68.9 2 5
github.com/gidyon/antibug/internal/modules/account/account.go:74.2,74.16 1 5
github.com/gidyon/antibug/internal/modules/account/account.go:79.2,81.9 3 3
github.com/gidyon/antibug/internal/modules/account/account.go:90.2,90.30 1 3
github.com/gidyon/antibug/internal/modules/account/account.go:95.2,96.16 2 3
github.com/gidyon/antibug/internal/modules/account/account.go:101.2,101.23 1 3
github.com/gidyon/antibug/internal/modules/account/account.go:108.2,109.16 2 2
github.com/gidyon/antibug/internal/modules/account/account.go:115.2,123.16 3 1
github.com/gidyon/antibug/internal/modules/account/account.go:128.2,133.8 1 1
github.com/gidyon/antibug/internal/modules/account/account.go:62.21,64.3 1 1
github.com/gidyon/antibug/internal/modules/account/account.go:69.31,70.38 1 1
github.com/gidyon/antibug/internal/modules/account/account.go:71.31,72.38 1 1
github.com/gidyon/antibug/internal/modules/account/account.go:74.16,76.3 1 2
github.com/gidyon/antibug/internal/modules/account/account.go:82.18,82.18 0 3
github.com/gidyon/antibug/internal/modules/account/account.go:83.46,84.54 1 0
github.com/gidyon/antibug/internal/modules/account/account.go:85.10,86.48 1 0
github.com/gidyon/antibug/internal/modules/account/account.go:90.30,94.3 1 0
github.com/gidyon/antibug/internal/modules/account/account.go:96.16,98.3 1 0
github.com/gidyon/antibug/internal/modules/account/account.go:101.23,105.3 1 1
github.com/gidyon/antibug/internal/modules/account/account.go:109.16,113.3 1 1
github.com/gidyon/antibug/internal/modules/account/account.go:123.16,125.3 1 0
github.com/gidyon/antibug/internal/modules/account/account.go:137.47,139.16 2 3
github.com/gidyon/antibug/internal/modules/account/account.go:143.2,143.33 1 3
github.com/gidyon/antibug/internal/modules/account/account.go:139.16,141.3 1 0
github.com/gidyon/antibug/internal/modules/account/account.go:147.57,149.2 1 2
github.com/gidyon/antibug/internal/modules/account/account.go:153.43,155.22 1 18
github.com/gidyon/antibug/internal/modules/account/account.go:160.2,162.9 3 17
github.com/gidyon/antibug/internal/modules/account/account.go:176.2,176.16 1 17
github.com/gidyon/antibug/internal/modules/account/account.go:181.2,182.16 2 11
github.com/gidyon/antibug/internal/modules/account/account.go:187.2,187.30 1 11
github.com/gidyon/antibug/internal/modules/account/account.go:204.2,208.9 3 11
github.com/gidyon/antibug/internal/modules/account/account.go:222.2,224.8 1 11
github.com/gidyon/antibug/internal/modules/account/account.go:155.22,157.3 1 1
github.com/gidyon/antibug/internal/modules/account/account.go:163.24,164.34 1 1
github.com/gidyon/antibug/internal/modules/account/account.go:165.33,166.39 1 1
github.com/gidyon/antibug/internal/modules/account/account.go:167.32,168.38 1 1
github.com/gidyon/antibug/internal/modules/account/account.go:169.29,170.35 1 1
github.com/gidyon/antibug/internal/modules/account/account.go:171.29,172.35 1 1
github.com/gidyon/antibug/internal/modules/account/account.go:173.30,174.36 1 1
github.com/gidyon/antibug/internal/modules/account/account.go:176.16,178.3 1 6
github.com/gidyon/antibug/internal/modules/account/account.go:182.16,184.3 1 0
github.com/gidyon/antibug/internal/modules/account/account.go:187.30,189.54 1 3
github.com/gidyon/antibug/internal/modules/account/account.go:196.3,197.17 2 3
github.com/gidyon/antibug/internal/modules/account/account.go:201.3,201.34 1 3
github.com/gidyon/antibug/internal/modules/account/account.go:189.54,193.4 1 0
github.com/gidyon/antibug/internal/modules/account/account.go:197.17,199.4 1 0
github.com/gidyon/antibug/internal/modules/account/account.go:209.18,209.18 0 11
github.com/gidyon/antibug/internal/modules/account/account.go:210.10,212.10 2 0
github.com/gidyon/antibug/internal/modules/account/account.go:213.42,214.61 1 0
github.com/gidyon/antibug/internal/modules/account/account.go:215.42,216.61 1 0
github.com/gidyon/antibug/internal/modules/account/account.go:217.11,218.50 1 0
github.com/gidyon/antibug/internal/modules/account/account.go:229.25,231.24 1 4
github.com/gidyon/antibug/internal/modules/account/account.go:236.2,237.9 2 3
github.com/gidyon/antibug/internal/modules/account/account.go:241.2,241.16 1 3
github.com/gidyon/antibug/internal/modules/account/account.go:246.2,247.16 2 2
github.com/gidyon/antibug/internal/modules/account/account.go:251.2,251.28 1 2
github.com/gidyon/antibug/internal/modules/account/account.go:231.24,233.3 1 1
github.com/gidyon/antibug/internal/modules/account/account.go:238.35,239.40 1 1
github.com/gidyon/antibug/internal/modules/account/account.go:241.16,243.3 1 1
github.com/gidyon/antibug/internal/modules/account/account.go:247.16,249.3 1 0
github.com/gidyon/antibug/internal/modules/account/account.go:256.25,258.22 1 4
github.com/gidyon/antibug/internal/modules/account/account.go:263.2,264.9 2 3
github.com/gidyon/antibug/internal/modules/account/account.go:270.2,270.16 1 3
github.com/gidyon/antibug/internal/modules/account/account.go:275.2,276.16 2 1
github.com/gidyon/antibug/internal/modules/account/account.go:281.2,283.16 2 1
github.com/gidyon/antibug/internal/modules/account/account.go:287.2,287.28 1 1
github.com/gidyon/antibug/internal/modules/account/account.go:258.22,260.3 1 1
github.com/gidyon/antibug/internal/modules/account/account.go:265.33,266.40 1 1
github.com/gidyon/antibug/internal/modules/account/account.go:267.32,268.34 1 1
github.com/gidyon/antibug/internal/modules/account/account.go:270.16,272.3 1 2
github.com/gidyon/antibug/internal/modules/account/account.go:276.16,278.3 1 0
github.com/gidyon/antibug/internal/modules/account/account.go:283.16,285.3 1 0
github.com/gidyon/antibug/internal/modules/account/account.go:292.29,294.19 1 7
github.com/gidyon/antibug/internal/modules/account/account.go:299.2,299.28 1 6
github.com/gidyon/antibug/internal/modules/account/account.go:304.2,307.9 3 5
github.com/gidyon/antibug/internal/modules/account/account.go:315.2,316.16 2 4
github.com/gidyon/antibug/internal/modules/account/account.go:320.2,320.23 1 4
github.com/gidyon/antibug/internal/modules/account/account.go:294.19,296.3 1 1
github.com/gidyon/antibug/internal/modules/account/account.go:299.28,301.3 1 1
github.com/gidyon/antibug/internal/modules/account/account.go:308.18,308.18 0 4
github.com/gidyon/antibug/internal/modules/account/account.go:309.46,310.57 1 1
github.com/gidyon/antibug/internal/modules/account/account.go:311.10,312.46 1 0
github.com/gidyon/antibug/internal/modules/account/account.go:316.16,318.3 1 0
github.com/gidyon/antibug/internal/modules/account/account.go:325.30,327.19 1 4
github.com/gidyon/antibug/internal/modules/account/account.go:332.2,332.28 1 3
github.com/gidyon/antibug/internal/modules/account/account.go:337.2,340.9 3 2
github.com/gidyon/antibug/internal/modules/account/account.go:348.2,349.16 2 2
github.com/gidyon/antibug/internal/modules/account/account.go:353.2,353.22 1 2
github.com/gidyon/antibug/internal/modules/account/account.go:327.19,329.3 1 1
github.com/gidyon/antibug/internal/modules/account/account.go:332.28,334.3 1 1
github.com/gidyon/antibug/internal/modules/account/account.go:341.18,341.18 0 2
github.com/gidyon/antibug/internal/modules/account/account.go:342.46,343.57 1 0
github.com/gidyon/antibug/internal/modules/account/account.go:344.10,345.46 1 0
github.com/gidyon/antibug/internal/modules/account/account.go:349.16,351.3 1 0
github.com/gidyon/antibug/internal/modules/account/account.go:358.25,360.22 1 5
github.com/gidyon/antibug/internal/modules/account/account.go:365.2,366.9 2 4
github.com/gidyon/antibug/internal/modules/account/account.go:372.2,372.16 1 4
github.com/gidyon/antibug/internal/modules/account/account.go:377.2,378.16 2 2
github.com/gidyon/antibug/internal/modules/account/account.go:383.2,385.9 2 2
github.com/gidyon/antibug/internal/modules/account/account.go:391.2,391.28 1 2
github.com/gidyon/antibug/internal/modules/account/account.go:360.22,362.3 1 1
github.com/gidyon/antibug/internal/modules/account/account.go:367.33,368.35 1 1
github.com/gidyon/antibug/internal/modules/account/account.go:369.33,370.39 1 1
github.com/gidyon/antibug/internal/modules/account/account.go:372.16,374.3 1 2
github.com/gidyon/antibug/internal/modules/account/account.go:378.16,380.3 1 0
github.com/gidyon/antibug/internal/modules/account/account.go:386.18,386.18 0 2
github.com/gidyon/antibug/internal/modules/account/account.go:387.10,388.49 1 0
github.com/gidyon/antibug/internal/modules/account/account.go:396.26,398.19 1 4
github.com/gidyon/antibug/internal/modules/account/account.go:403.2,403.28 1 3
github.com/gidyon/antibug/internal/modules/account/account.go:408.2,411.9 3 2
github.com/gidyon/antibug/internal/modules/account/account.go:419.2,420.16 2 2
github.com/gidyon/antibug/internal/modules/account/account.go:424.2,426.8 1 2
github.com/gidyon/antibug/internal/modules/account/account.go:398.19,400.3 1 1
github.com/gidyon/antibug/internal/modules/account/account.go:403.28,405.3 1 1
github.com/gidyon/antibug/internal/modules/account/account.go:412.18,412.18 0 2
github.com/gidyon/antibug/internal/modules/account/account.go:413.46,414.57 1 0
github.com/gidyon/antibug/internal/modules/account/account.go:415.10,416.46 1 0
github.com/gidyon/antibug/internal/modules/account/account.go:420.16,422.3 1 0
github.com/gidyon/antibug/internal/modules/account/account.go:431.25,433.22 1 5
github.com/gidyon/antibug/internal/modules/account/account.go:438.2,439.9 2 4
github.com/gidyon/antibug/internal/modules/account/account.go:445.2,445.16 1 4
github.com/gidyon/antibug/internal/modules/account/account.go:450.2,451.16 2 2
github.com/gidyon/antibug/internal/modules/account/account.go:456.2,458.9 2 2
github.com/gidyon/antibug/internal/modules/account/account.go:464.2,464.28 1 2
github.com/gidyon/antibug/internal/modules/account/account.go:433.22,435.3 1 1
github.com/gidyon/antibug/internal/modules/account/account.go:440.29,441.31 1 1
github.com/gidyon/antibug/internal/modules/account/account.go:442.33,443.39 1 1
github.com/gidyon/antibug/internal/modules/account/account.go:445.16,447.3 1 2
github.com/gidyon/antibug/internal/modules/account/account.go:451.16,453.3 1 0
github.com/gidyon/antibug/internal/modules/account/account.go:459.18,459.18 0 2
github.com/gidyon/antibug/internal/modules/account/account.go:460.10,461.49 1 0
github.com/gidyon/antibug/internal/modules/account/account.go:469.39,471.19 1 4
github.com/gidyon/antibug/internal/modules/account/account.go:476.2,476.28 1 3
github.com/gidyon/antibug/internal/modules/account/account.go:481.2,484.9 3 2
github.com/gidyon/antibug/internal/modules/account/account.go:492.2,493.16 2 2
github.com/gidyon/antibug/internal/modules/account/account.go:497.2,499.8 1 2
github.com/gidyon/antibug/internal/modules/account/account.go:471.19,473.3 1 1
github.com/gidyon/antibug/internal/modules/account/account.go:476.28,478.3 1 1
github.com/gidyon/antibug/internal/modules/account/account.go:485.18,485.18 0 2
github.com/gidyon/antibug/internal/modules/account/account.go:486.46,487.57 1 0
github.com/gidyon/antibug/internal/modules/account/account.go:488.10,489.46 1 0
github.com/gidyon/antibug/internal/modules/account/account.go:493.16,495.3 1 0
github.com/gidyon/antibug/internal/modules/account/account.go:504.25,506.22 1 5
github.com/gidyon/antibug/internal/modules/account/account.go:511.2,512.9 2 4
github.com/gidyon/antibug/internal/modules/account/account.go:518.2,518.16 1 4
github.com/gidyon/antibug/internal/modules/account/account.go:523.2,524.16 2 2
github.com/gidyon/antibug/internal/modules/account/account.go:529.2,531.9 2 2
github.com/gidyon/antibug/internal/modules/account/account.go:537.2,537.28 1 2
github.com/gidyon/antibug/internal/modules/account/account.go:506.22,508.3 1 1
github.com/gidyon/antibug/internal/modules/account/account.go:513.38,514.37 1 1
github.com/gidyon/antibug/internal/modules/account/account.go:515.33,516.39 1 1
github.com/gidyon/antibug/internal/modules/account/account.go:518.16,520.3 1 2
github.com/gidyon/antibug/internal/modules/account/account.go:524.16,526.3 1 0
github.com/gidyon/antibug/internal/modules/account/account.go:532.18,532.18 0 2
github.com/gidyon/antibug/internal/modules/account/account.go:533.10,534.49 1 0
github.com/gidyon/antibug/internal/modules/account/model.go:31.36,33.2 1 69
github.com/gidyon/antibug/internal/modules/account/model.go:35.65,36.22 1 12
github.com/gidyon/antibug/internal/modules/account/model.go:40.2,52.23 2 12
github.com/gidyon/antibug/internal/modules/account/model.go:36.22,38.3 1 0
github.com/gidyon/antibug/internal/modules/account/model.go:55.65,56.22 1 7
github.com/gidyon/antibug/internal/modules/account/model.go:60.2,72.23 2 7
github.com/gidyon/antibug/internal/modules/account/model.go:56.22,58.3 1 0
github.com/gidyon/antibug/internal/modules/account/model.go:75.53,77.19 2 2
github.com/gidyon/antibug/internal/modules/account/model.go:83.2,83.18 1 2
github.com/gidyon/antibug/internal/modules/account/model.go:77.19,79.17 2 2
github.com/gidyon/antibug/internal/modules/account/model.go:79.17,81.4 1 0
github.com/gidyon/antibug/internal/modules/account/model.go:86.53,87.19 1 2
github.com/gidyon/antibug/internal/modules/account/model.go:94.2,94.22 1 0
github.com/gidyon/antibug/internal/modules/account/model.go:87.19,89.17 2 2
github.com/gidyon/antibug/internal/modules/account/model.go:92.3,92.19 1 2
github.com/gidyon/antibug/internal/modules/account/model.go:89.17,91.4 1 0
github.com/gidyon/antibug/internal/modules/account/model.go:97.69,99.19 2 2
github.com/gidyon/antibug/internal/modules/account/model.go:105.2,105.24 1 2
github.com/gidyon/antibug/internal/modules/account/model.go:99.19,101.17 2 2
github.com/gidyon/antibug/internal/modules/account/model.go:101.17,103.4 1 0
github.com/gidyon/antibug/internal/modules/account/model.go:108.75,109.25 1 2
github.com/gidyon/antibug/internal/modules/account/model.go:116.2,116.22 1 0
github.com/gidyon/antibug/internal/modules/account/model.go:109.25,111.17 2 2
github.com/gidyon/antibug/internal/modules/account/model.go:114.3,114.19 1 2
github.com/gidyon/antibug/internal/modules/account/model.go:111.17,113.4 1 0
github.com/gidyon/antibug/internal/modules/account/model.go:119.60,121.19 2 2
github.com/gidyon/antibug/internal/modules/account/model.go:127.2,127.22 1 2
github.com/gidyon/antibug/internal/modules/account/model.go:121.19,123.17 2 2
github.com/gidyon/antibug/internal/modules/account/model.go:123.17,125.4 1 0
github.com/gidyon/antibug/internal/modules/account/model.go:130.64,131.37 1 2
github.com/gidyon/antibug/internal/modules/account/model.go:138.2,138.22 1 0
github.com/gidyon/antibug/internal/modules/account/model.go:131.37,133.17 2 2
github.com/gidyon/antibug/internal/modules/account/model.go:136.3,136.19 1 2
github.com/gidyon/antibug/internal/modules/account/model.go:133.17,135.4 1 0
