mode: atomic
github.com/gidyon/antibug/internal/modules/pathogen/model.go:26.37,28.2 1 37
github.com/gidyon/antibug/internal/modules/pathogen/model.go:30.70,31.23 1 10
github.com/gidyon/antibug/internal/modules/pathogen/model.go:35.2,52.54 3 9
github.com/gidyon/antibug/internal/modules/pathogen/model.go:60.2,60.51 1 9
github.com/gidyon/antibug/internal/modules/pathogen/model.go:68.2,68.57 1 9
github.com/gidyon/antibug/internal/modules/pathogen/model.go:76.2,76.76 1 9
github.com/gidyon/antibug/internal/modules/pathogen/model.go:84.2,84.50 1 9
github.com/gidyon/antibug/internal/modules/pathogen/model.go:92.2,92.24 1 9
github.com/gidyon/antibug/internal/modules/pathogen/model.go:31.23,33.3 1 1
github.com/gidyon/antibug/internal/modules/pathogen/model.go:52.54,54.17 2 9
github.com/gidyon/antibug/internal/modules/pathogen/model.go:57.3,57.32 1 9
github.com/gidyon/antibug/internal/modules/pathogen/model.go:54.17,56.4 1 0
github.com/gidyon/antibug/internal/modules/pathogen/model.go:60.51,62.17 2 9
github.com/gidyon/antibug/internal/modules/pathogen/model.go:65.3,65.29 1 9
github.com/gidyon/antibug/internal/modules/pathogen/model.go:62.17,64.4 1 0
github.com/gidyon/antibug/internal/modules/pathogen/model.go:68.57,70.17 2 9
github.com/gidyon/antibug/internal/modules/pathogen/model.go:73.3,73.42 1 9
github.com/gidyon/antibug/internal/modules/pathogen/model.go:70.17,72.4 1 0
github.com/gidyon/antibug/internal/modules/pathogen/model.go:76.76,78.17 2 9
github.com/gidyon/antibug/internal/modules/pathogen/model.go:81.3,81.44 1 9
github.com/gidyon/antibug/internal/modules/pathogen/model.go:78.17,80.4 1 0
github.com/gidyon/antibug/internal/modules/pathogen/model.go:84.50,86.17 2 9
github.com/gidyon/antibug/internal/modules/pathogen/model.go:89.3,89.28 1 9
github.com/gidyon/antibug/internal/modules/pathogen/model.go:86.17,88.4 1 0
github.com/gidyon/antibug/internal/modules/pathogen/model.go:95.70,96.23 1 103
github.com/gidyon/antibug/internal/modules/pathogen/model.go:100.2,113.37 3 103
github.com/gidyon/antibug/internal/modules/pathogen/model.go:121.2,121.34 1 103
github.com/gidyon/antibug/internal/modules/pathogen/model.go:129.2,129.47 1 103
github.com/gidyon/antibug/internal/modules/pathogen/model.go:137.2,137.49 1 103
github.com/gidyon/antibug/internal/modules/pathogen/model.go:145.2,145.33 1 103
github.com/gidyon/antibug/internal/modules/pathogen/model.go:152.2,152.24 1 103
github.com/gidyon/antibug/internal/modules/pathogen/model.go:96.23,98.3 1 0
github.com/gidyon/antibug/internal/modules/pathogen/model.go:113.37,115.17 2 103
github.com/gidyon/antibug/internal/modules/pathogen/model.go:115.17,117.4 1 0
github.com/gidyon/antibug/internal/modules/pathogen/model.go:121.34,123.17 2 103
github.com/gidyon/antibug/internal/modules/pathogen/model.go:123.17,125.4 1 0
github.com/gidyon/antibug/internal/modules/pathogen/model.go:129.47,131.17 2 103
github.com/gidyon/antibug/internal/modules/pathogen/model.go:131.17,133.4 1 0
github.com/gidyon/antibug/internal/modules/pathogen/model.go:137.49,139.17 2 103
github.com/gidyon/antibug/internal/modules/pathogen/model.go:139.17,141.4 1 0
github.com/gidyon/antibug/internal/modules/pathogen/model.go:145.33,147.17 2 103
github.com/gidyon/antibug/internal/modules/pathogen/model.go:147.17,149.4 1 0
github.com/gidyon/antibug/internal/modules/pathogen/pathogen.go:36.92,39.9 2 5
github.com/gidyon/antibug/internal/modules/pathogen/pathogen.go:49.2,49.16 1 5
github.com/gidyon/antibug/internal/modules/pathogen/pathogen.go:53.2,54.16 2 1
github.com/gidyon/antibug/internal/modules/pathogen/pathogen.go:58.2,66.16 3 1
github.com/gidyon/antibug/internal/modules/pathogen/pathogen.go:71.2,72.16 2 1
github.com/gidyon/antibug/internal/modules/pathogen/pathogen.go:76.2,76.18 1 1
github.com/gidyon/antibug/internal/modules/pathogen/pathogen.go:40.24,41.32 1 1
github.com/gidyon/antibug/internal/modules/pathogen/pathogen.go:42.25,43.33 1 1
github.com/gidyon/antibug/internal/modules/pathogen/pathogen.go:44.31,45.44 1 1
github.com/gidyon/antibug/internal/modules/pathogen/pathogen.go:46.18,47.34 1 1
github.com/gidyon/antibug/internal/modules/pathogen/pathogen.go:49.16,51.3 1 4
github.com/gidyon/antibug/internal/modules/pathogen/pathogen.go:54.16,56.3 1 0
github.com/gidyon/antibug/internal/modules/pathogen/pathogen.go:66.16,68.3 1 0
github.com/gidyon/antibug/internal/modules/pathogen/pathogen.go:72.16,74.3 1 0
github.com/gidyon/antibug/internal/modules/pathogen/pathogen.go:81.45,83.22 1 16
github.com/gidyon/antibug/internal/modules/pathogen/pathogen.go:88.2,89.16 2 15
github.com/gidyon/antibug/internal/modules/pathogen/pathogen.go:93.2,96.9 2 15
github.com/gidyon/antibug/internal/modules/pathogen/pathogen.go:112.2,112.16 1 15
github.com/gidyon/antibug/internal/modules/pathogen/pathogen.go:117.2,118.16 2 8
github.com/gidyon/antibug/internal/modules/pathogen/pathogen.go:123.2,124.9 2 8
github.com/gidyon/antibug/internal/modules/pathogen/pathogen.go:133.2,135.8 1 7
github.com/gidyon/antibug/internal/modules/pathogen/pathogen.go:83.22,85.3 1 1
github.com/gidyon/antibug/internal/modules/pathogen/pathogen.go:89.16,91.3 1 0
github.com/gidyon/antibug/internal/modules/pathogen/pathogen.go:97.56,98.43 1 1
github.com/gidyon/antibug/internal/modules/pathogen/pathogen.go:99.52,100.47 1 1
github.com/gidyon/antibug/internal/modules/pathogen/pathogen.go:101.62,102.57 1 1
github.com/gidyon/antibug/internal/modules/pathogen/pathogen.go:103.85,104.50 1 1
github.com/gidyon/antibug/internal/modules/pathogen/pathogen.go:105.79,106.47 1 1
github.com/gidyon/antibug/internal/modules/pathogen/pathogen.go:107.91,108.53 1 1
github.com/gidyon/antibug/internal/modules/pathogen/pathogen.go:109.119,110.62 1 1
github.com/gidyon/antibug/internal/modules/pathogen/pathogen.go:112.16,114.3 1 7
github.com/gidyon/antibug/internal/modules/pathogen/pathogen.go:118.16,120.3 1 0
github.com/gidyon/antibug/internal/modules/pathogen/pathogen.go:125.18,125.18 0 7
github.com/gidyon/antibug/internal/modules/pathogen/pathogen.go:126.67,127.76 1 1
github.com/gidyon/antibug/internal/modules/pathogen/pathogen.go:128.10,129.49 1 0
github.com/gidyon/antibug/internal/modules/pathogen/pathogen.go:140.25,142.22 1 3
github.com/gidyon/antibug/internal/modules/pathogen/pathogen.go:147.2,148.16 2 2
github.com/gidyon/antibug/internal/modules/pathogen/pathogen.go:153.2,153.37 1 2
github.com/gidyon/antibug/internal/modules/pathogen/pathogen.go:158.2,159.16 2 2
github.com/gidyon/antibug/internal/modules/pathogen/pathogen.go:164.2,166.16 2 1
github.com/gidyon/antibug/internal/modules/pathogen/pathogen.go:170.2,170.28 1 1
github.com/gidyon/antibug/internal/modules/pathogen/pathogen.go:142.22,144.3 1 1
github.com/gidyon/antibug/internal/modules/pathogen/pathogen.go:148.16,150.3 1 0
github.com/gidyon/antibug/internal/modules/pathogen/pathogen.go:153.37,155.3 1 0
github.com/gidyon/antibug/internal/modules/pathogen/pathogen.go:159.16,161.3 1 1
github.com/gidyon/antibug/internal/modules/pathogen/pathogen.go:166.16,168.3 1 0
github.com/gidyon/antibug/internal/modules/pathogen/pathogen.go:175.25,177.19 1 3
github.com/gidyon/antibug/internal/modules/pathogen/pathogen.go:182.2,183.16 2 2
github.com/gidyon/antibug/internal/modules/pathogen/pathogen.go:188.2,188.34 1 2
github.com/gidyon/antibug/internal/modules/pathogen/pathogen.go:193.2,194.16 2 1
github.com/gidyon/antibug/internal/modules/pathogen/pathogen.go:198.2,198.28 1 1
github.com/gidyon/antibug/internal/modules/pathogen/pathogen.go:177.19,179.3 1 1
github.com/gidyon/antibug/internal/modules/pathogen/pathogen.go:183.16,185.3 1 0
github.com/gidyon/antibug/internal/modules/pathogen/pathogen.go:188.34,190.3 1 1
github.com/gidyon/antibug/internal/modules/pathogen/pathogen.go:194.16,196.3 1 0
github.com/gidyon/antibug/internal/modules/pathogen/pathogen.go:203.62,204.20 1 7
github.com/gidyon/antibug/internal/modules/pathogen/pathogen.go:207.2,207.19 1 7
github.com/gidyon/antibug/internal/modules/pathogen/pathogen.go:210.2,210.32 1 7
github.com/gidyon/antibug/internal/modules/pathogen/pathogen.go:213.2,213.38 1 7
github.com/gidyon/antibug/internal/modules/pathogen/pathogen.go:204.20,206.3 1 5
github.com/gidyon/antibug/internal/modules/pathogen/pathogen.go:207.19,209.3 1 7
github.com/gidyon/antibug/internal/modules/pathogen/pathogen.go:210.32,212.3 1 0
github.com/gidyon/antibug/internal/modules/pathogen/pathogen.go:218.32,220.20 1 4
github.com/gidyon/antibug/internal/modules/pathogen/pathogen.go:225.2,226.16 2 3
github.com/gidyon/antibug/internal/modules/pathogen/pathogen.go:231.2,237.16 4 3
github.com/gidyon/antibug/internal/modules/pathogen/pathogen.go:241.2,243.41 2 3
github.com/gidyon/antibug/internal/modules/pathogen/pathogen.go:252.2,255.8 1 3
github.com/gidyon/antibug/internal/modules/pathogen/pathogen.go:220.20,222.3 1 1
github.com/gidyon/antibug/internal/modules/pathogen/pathogen.go:226.16,228.3 1 0
github.com/gidyon/antibug/internal/modules/pathogen/pathogen.go:237.16,239.3 1 0
github.com/gidyon/antibug/internal/modules/pathogen/pathogen.go:243.41,245.17 2 100
github.com/gidyon/antibug/internal/modules/pathogen/pathogen.go:248.3,249.33 2 100
github.com/gidyon/antibug/internal/modules/pathogen/pathogen.go:245.17,247.4 1 0
github.com/gidyon/antibug/internal/modules/pathogen/pathogen.go:260.32,262.22 1 5
github.com/gidyon/antibug/internal/modules/pathogen/pathogen.go:267.2,268.16 2 4
github.com/gidyon/antibug/internal/modules/pathogen/pathogen.go:273.2,273.27 1 4
github.com/gidyon/antibug/internal/modules/pathogen/pathogen.go:280.2,289.9 5 4
github.com/gidyon/antibug/internal/modules/pathogen/pathogen.go:296.2,298.41 2 4
github.com/gidyon/antibug/internal/modules/pathogen/pathogen.go:306.2,309.8 1 4
github.com/gidyon/antibug/internal/modules/pathogen/pathogen.go:262.22,264.3 1 1
github.com/gidyon/antibug/internal/modules/pathogen/pathogen.go:268.16,270.3 1 0
github.com/gidyon/antibug/internal/modules/pathogen/pathogen.go:273.27,277.3 1 0
github.com/gidyon/antibug/internal/modules/pathogen/pathogen.go:290.18,290.18 0 4
github.com/gidyon/antibug/internal/modules/pathogen/pathogen.go:291.10,292.49 1 0
github.com/gidyon/antibug/internal/modules/pathogen/pathogen.go:298.41,300.17 2 1
github.com/gidyon/antibug/internal/modules/pathogen/pathogen.go:303.3,303.86 1 1
github.com/gidyon/antibug/internal/modules/pathogen/pathogen.go:300.17,302.4 1 0
github.com/gidyon/antibug/internal/modules/pathogen/pathogen.go:314.31,316.19 1 6
github.com/gidyon/antibug/internal/modules/pathogen/pathogen.go:321.2,322.16 2 5
github.com/gidyon/antibug/internal/modules/pathogen/pathogen.go:327.2,327.29 1 5
github.com/gidyon/antibug/internal/modules/pathogen/pathogen.go:331.2,334.9 3 4
github.com/gidyon/antibug/internal/modules/pathogen/pathogen.go:343.2,345.54 2 2
github.com/gidyon/antibug/internal/modules/pathogen/pathogen.go:316.19,318.3 1 1
github.com/gidyon/antibug/internal/modules/pathogen/pathogen.go:322.16,324.3 1 0
github.com/gidyon/antibug/internal/modules/pathogen/pathogen.go:327.29,329.3 1 1
github.com/gidyon/antibug/internal/modules/pathogen/pathogen.go:335.18,335.18 0 2
github.com/gidyon/antibug/internal/modules/pathogen/pathogen.go:336.46,337.59 1 2
github.com/gidyon/antibug/internal/modules/pathogen/pathogen.go:338.10,339.46 1 0
github.com/gidyon/antibug/internal/modules/pathogen/pathogen.go:351.22,354.14 2 103
github.com/gidyon/antibug/internal/modules/pathogen/pathogen.go:365.2,365.21 1 103
github.com/gidyon/antibug/internal/modules/pathogen/pathogen.go:355.34,360.66 4 100
github.com/gidyon/antibug/internal/modules/pathogen/pathogen.go:361.10,362.28 1 3
