mode: atomic
github.com/gidyon/antibug/internal/modules/pathogen/pathogen.go:28.92,31.9 2 3
github.com/gidyon/antibug/internal/modules/pathogen/pathogen.go:39.2,39.16 1 3
github.com/gidyon/antibug/internal/modules/pathogen/pathogen.go:43.2,50.16 3 1
github.com/gidyon/antibug/internal/modules/pathogen/pathogen.go:55.2,56.16 2 1
github.com/gidyon/antibug/internal/modules/pathogen/pathogen.go:60.2,60.18 1 1
github.com/gidyon/antibug/internal/modules/pathogen/pathogen.go:32.24,33.32 1 1
github.com/gidyon/antibug/internal/modules/pathogen/pathogen.go:34.25,35.33 1 1
github.com/gidyon/antibug/internal/modules/pathogen/pathogen.go:36.18,37.34 1 0
github.com/gidyon/antibug/internal/modules/pathogen/pathogen.go:39.16,41.3 1 2
github.com/gidyon/antibug/internal/modules/pathogen/pathogen.go:50.16,52.3 1 0
github.com/gidyon/antibug/internal/modules/pathogen/pathogen.go:56.16,58.3 1 0
github.com/gidyon/antibug/internal/modules/pathogen/pathogen.go:65.45,67.22 1 16
github.com/gidyon/antibug/internal/modules/pathogen/pathogen.go:71.2,74.22 2 15
github.com/gidyon/antibug/internal/modules/pathogen/pathogen.go:94.2,94.16 1 15
github.com/gidyon/antibug/internal/modules/pathogen/pathogen.go:99.2,100.16 2 8
github.com/gidyon/antibug/internal/modules/pathogen/pathogen.go:105.2,106.9 2 8
github.com/gidyon/antibug/internal/modules/pathogen/pathogen.go:115.2,117.8 1 7
github.com/gidyon/antibug/internal/modules/pathogen/pathogen.go:67.22,69.3 1 1
github.com/gidyon/antibug/internal/modules/pathogen/pathogen.go:74.22,76.10 2 15
github.com/gidyon/antibug/internal/modules/pathogen/pathogen.go:92.3,92.13 1 15
github.com/gidyon/antibug/internal/modules/pathogen/pathogen.go:77.57,78.44 1 1
github.com/gidyon/antibug/internal/modules/pathogen/pathogen.go:79.53,80.48 1 1
github.com/gidyon/antibug/internal/modules/pathogen/pathogen.go:81.63,82.58 1 1
github.com/gidyon/antibug/internal/modules/pathogen/pathogen.go:83.86,84.51 1 1
github.com/gidyon/antibug/internal/modules/pathogen/pathogen.go:85.80,86.48 1 1
github.com/gidyon/antibug/internal/modules/pathogen/pathogen.go:87.92,88.54 1 1
github.com/gidyon/antibug/internal/modules/pathogen/pathogen.go:89.120,90.63 1 1
github.com/gidyon/antibug/internal/modules/pathogen/pathogen.go:94.16,96.3 1 7
github.com/gidyon/antibug/internal/modules/pathogen/pathogen.go:100.16,102.3 1 0
github.com/gidyon/antibug/internal/modules/pathogen/pathogen.go:107.18,107.18 0 7
github.com/gidyon/antibug/internal/modules/pathogen/pathogen.go:108.67,109.76 1 1
github.com/gidyon/antibug/internal/modules/pathogen/pathogen.go:110.10,111.49 1 0
github.com/gidyon/antibug/internal/modules/pathogen/pathogen.go:122.25,124.22 1 3
github.com/gidyon/antibug/internal/modules/pathogen/pathogen.go:129.2,129.37 1 2
github.com/gidyon/antibug/internal/modules/pathogen/pathogen.go:134.2,135.16 2 2
github.com/gidyon/antibug/internal/modules/pathogen/pathogen.go:140.2,142.16 2 1
github.com/gidyon/antibug/internal/modules/pathogen/pathogen.go:146.2,146.28 1 1
github.com/gidyon/antibug/internal/modules/pathogen/pathogen.go:124.22,126.3 1 1
github.com/gidyon/antibug/internal/modules/pathogen/pathogen.go:129.37,131.3 1 0
github.com/gidyon/antibug/internal/modules/pathogen/pathogen.go:135.16,137.3 1 1
github.com/gidyon/antibug/internal/modules/pathogen/pathogen.go:142.16,144.3 1 0
github.com/gidyon/antibug/internal/modules/pathogen/pathogen.go:151.25,153.19 1 3
github.com/gidyon/antibug/internal/modules/pathogen/pathogen.go:158.2,158.34 1 2
github.com/gidyon/antibug/internal/modules/pathogen/pathogen.go:163.2,164.16 2 1
github.com/gidyon/antibug/internal/modules/pathogen/pathogen.go:168.2,168.28 1 1
github.com/gidyon/antibug/internal/modules/pathogen/pathogen.go:153.19,155.3 1 1
github.com/gidyon/antibug/internal/modules/pathogen/pathogen.go:158.34,160.3 1 1
github.com/gidyon/antibug/internal/modules/pathogen/pathogen.go:164.16,166.3 1 0
github.com/gidyon/antibug/internal/modules/pathogen/pathogen.go:173.32,175.20 1 4
github.com/gidyon/antibug/internal/modules/pathogen/pathogen.go:180.2,186.16 5 3
github.com/gidyon/antibug/internal/modules/pathogen/pathogen.go:190.2,191.41 2 3
github.com/gidyon/antibug/internal/modules/pathogen/pathogen.go:199.2,201.8 1 3
github.com/gidyon/antibug/internal/modules/pathogen/pathogen.go:175.20,177.3 1 1
github.com/gidyon/antibug/internal/modules/pathogen/pathogen.go:186.16,188.3 1 0
github.com/gidyon/antibug/internal/modules/pathogen/pathogen.go:191.41,193.17 2 20
github.com/gidyon/antibug/internal/modules/pathogen/pathogen.go:196.3,196.79 1 20
github.com/gidyon/antibug/internal/modules/pathogen/pathogen.go:193.17,195.4 1 0
github.com/gidyon/antibug/internal/modules/pathogen/pathogen.go:206.32,208.22 1 4
github.com/gidyon/antibug/internal/modules/pathogen/pathogen.go:213.2,213.27 1 3
github.com/gidyon/antibug/internal/modules/pathogen/pathogen.go:219.2,228.9 6 3
github.com/gidyon/antibug/internal/modules/pathogen/pathogen.go:235.2,237.41 2 3
github.com/gidyon/antibug/internal/modules/pathogen/pathogen.go:245.2,248.8 1 3
github.com/gidyon/antibug/internal/modules/pathogen/pathogen.go:208.22,210.3 1 1
github.com/gidyon/antibug/internal/modules/pathogen/pathogen.go:213.27,217.3 1 0
github.com/gidyon/antibug/internal/modules/pathogen/pathogen.go:229.18,229.18 0 3
github.com/gidyon/antibug/internal/modules/pathogen/pathogen.go:230.10,231.49 1 0
github.com/gidyon/antibug/internal/modules/pathogen/pathogen.go:237.41,239.17 2 1
github.com/gidyon/antibug/internal/modules/pathogen/pathogen.go:242.3,242.86 1 1
github.com/gidyon/antibug/internal/modules/pathogen/pathogen.go:239.17,241.4 1 0
github.com/gidyon/antibug/internal/modules/pathogen/pathogen.go:253.31,255.19 1 6
github.com/gidyon/antibug/internal/modules/pathogen/pathogen.go:260.2,260.29 1 5
github.com/gidyon/antibug/internal/modules/pathogen/pathogen.go:264.2,267.9 3 4
github.com/gidyon/antibug/internal/modules/pathogen/pathogen.go:276.2,278.54 2 2
github.com/gidyon/antibug/internal/modules/pathogen/pathogen.go:255.19,257.3 1 1
github.com/gidyon/antibug/internal/modules/pathogen/pathogen.go:260.29,262.3 1 1
github.com/gidyon/antibug/internal/modules/pathogen/pathogen.go:268.18,268.18 0 2
github.com/gidyon/antibug/internal/modules/pathogen/pathogen.go:269.46,270.59 1 2
github.com/gidyon/antibug/internal/modules/pathogen/pathogen.go:271.10,272.46 1 0
github.com/gidyon/antibug/internal/modules/pathogen/pathogen.go:284.22,287.14 2 23
github.com/gidyon/antibug/internal/modules/pathogen/pathogen.go:297.2,297.21 1 23
github.com/gidyon/antibug/internal/modules/pathogen/pathogen.go:288.34,292.66 3 20
github.com/gidyon/antibug/internal/modules/pathogen/pathogen.go:293.10,294.28 1 3
github.com/gidyon/antibug/internal/modules/pathogen/model.go:26.37,28.2 1 37
github.com/gidyon/antibug/internal/modules/pathogen/model.go:30.70,31.23 1 10
github.com/gidyon/antibug/internal/modules/pathogen/model.go:35.2,52.54 3 9
github.com/gidyon/antibug/internal/modules/pathogen/model.go:60.2,60.51 1 9
github.com/gidyon/antibug/internal/modules/pathogen/model.go:68.2,68.57 1 9
github.com/gidyon/antibug/internal/modules/pathogen/model.go:76.2,76.76 1 9
github.com/gidyon/antibug/internal/modules/pathogen/model.go:84.2,84.50 1 9
github.com/gidyon/antibug/internal/modules/pathogen/model.go:92.2,92.24 1 9
github.com/gidyon/antibug/internal/modules/pathogen/model.go:31.23,33.3 1 1
github.com/gidyon/antibug/internal/modules/pathogen/model.go:52.54,54.17 2 9
github.com/gidyon/antibug/internal/modules/pathogen/model.go:57.3,57.32 1 9
github.com/gidyon/antibug/internal/modules/pathogen/model.go:54.17,56.4 1 0
github.com/gidyon/antibug/internal/modules/pathogen/model.go:60.51,62.17 2 9
github.com/gidyon/antibug/internal/modules/pathogen/model.go:65.3,65.29 1 9
github.com/gidyon/antibug/internal/modules/pathogen/model.go:62.17,64.4 1 0
github.com/gidyon/antibug/internal/modules/pathogen/model.go:68.57,70.17 2 9
github.com/gidyon/antibug/internal/modules/pathogen/model.go:73.3,73.42 1 9
github.com/gidyon/antibug/internal/modules/pathogen/model.go:70.17,72.4 1 0
github.com/gidyon/antibug/internal/modules/pathogen/model.go:76.76,78.17 2 9
github.com/gidyon/antibug/internal/modules/pathogen/model.go:81.3,81.44 1 9
github.com/gidyon/antibug/internal/modules/pathogen/model.go:78.17,80.4 1 0
github.com/gidyon/antibug/internal/modules/pathogen/model.go:84.50,86.17 2 9
github.com/gidyon/antibug/internal/modules/pathogen/model.go:89.3,89.28 1 9
github.com/gidyon/antibug/internal/modules/pathogen/model.go:86.17,88.4 1 0
github.com/gidyon/antibug/internal/modules/pathogen/model.go:95.70,96.23 1 23
github.com/gidyon/antibug/internal/modules/pathogen/model.go:100.2,113.37 3 23
github.com/gidyon/antibug/internal/modules/pathogen/model.go:121.2,121.34 1 23
github.com/gidyon/antibug/internal/modules/pathogen/model.go:129.2,129.47 1 23
github.com/gidyon/antibug/internal/modules/pathogen/model.go:137.2,137.49 1 23
github.com/gidyon/antibug/internal/modules/pathogen/model.go:145.2,145.33 1 23
github.com/gidyon/antibug/internal/modules/pathogen/model.go:152.2,152.24 1 23
github.com/gidyon/antibug/internal/modules/pathogen/model.go:96.23,98.3 1 0
github.com/gidyon/antibug/internal/modules/pathogen/model.go:113.37,115.17 2 23
github.com/gidyon/antibug/internal/modules/pathogen/model.go:115.17,117.4 1 0
github.com/gidyon/antibug/internal/modules/pathogen/model.go:121.34,123.17 2 23
github.com/gidyon/antibug/internal/modules/pathogen/model.go:123.17,125.4 1 0
github.com/gidyon/antibug/internal/modules/pathogen/model.go:129.47,131.17 2 23
github.com/gidyon/antibug/internal/modules/pathogen/model.go:131.17,133.4 1 0
github.com/gidyon/antibug/internal/modules/pathogen/model.go:137.49,139.17 2 23
github.com/gidyon/antibug/internal/modules/pathogen/model.go:139.17,141.4 1 0
github.com/gidyon/antibug/internal/modules/pathogen/model.go:145.33,147.17 2 23
github.com/gidyon/antibug/internal/modules/pathogen/model.go:147.17,149.4 1 0
