mode: atomic
github.com/gidyon/antibug/internal/modules/antimicrobial/antimicrobial.go:27.107,30.9 2 3
github.com/gidyon/antibug/internal/modules/antimicrobial/antimicrobial.go:38.2,38.16 1 3
github.com/gidyon/antibug/internal/modules/antimicrobial/antimicrobial.go:42.2,48.16 3 1
github.com/gidyon/antibug/internal/modules/antimicrobial/antimicrobial.go:53.2,54.16 2 1
github.com/gidyon/antibug/internal/modules/antimicrobial/antimicrobial.go:58.2,58.18 1 1
github.com/gidyon/antibug/internal/modules/antimicrobial/antimicrobial.go:31.24,32.32 1 1
github.com/gidyon/antibug/internal/modules/antimicrobial/antimicrobial.go:33.25,34.33 1 1
github.com/gidyon/antibug/internal/modules/antimicrobial/antimicrobial.go:35.18,36.34 1 0
github.com/gidyon/antibug/internal/modules/antimicrobial/antimicrobial.go:38.16,40.3 1 2
github.com/gidyon/antibug/internal/modules/antimicrobial/antimicrobial.go:48.16,50.3 1 0
github.com/gidyon/antibug/internal/modules/antimicrobial/antimicrobial.go:54.16,56.3 1 0
github.com/gidyon/antibug/internal/modules/antimicrobial/antimicrobial.go:63.55,65.22 1 20
github.com/gidyon/antibug/internal/modules/antimicrobial/antimicrobial.go:69.2,72.22 2 19
github.com/gidyon/antibug/internal/modules/antimicrobial/antimicrobial.go:107.2,107.16 1 19
github.com/gidyon/antibug/internal/modules/antimicrobial/antimicrobial.go:112.2,113.16 2 8
github.com/gidyon/antibug/internal/modules/antimicrobial/antimicrobial.go:118.2,119.9 2 8
github.com/gidyon/antibug/internal/modules/antimicrobial/antimicrobial.go:128.2,130.8 1 7
github.com/gidyon/antibug/internal/modules/antimicrobial/antimicrobial.go:65.22,67.3 1 1
github.com/gidyon/antibug/internal/modules/antimicrobial/antimicrobial.go:72.22,74.10 2 19
github.com/gidyon/antibug/internal/modules/antimicrobial/antimicrobial.go:105.3,105.13 1 19
github.com/gidyon/antibug/internal/modules/antimicrobial/antimicrobial.go:75.67,76.48 1 1
github.com/gidyon/antibug/internal/modules/antimicrobial/antimicrobial.go:77.55,78.36 1 1
github.com/gidyon/antibug/internal/modules/antimicrobial/antimicrobial.go:79.69,80.50 1 1
github.com/gidyon/antibug/internal/modules/antimicrobial/antimicrobial.go:81.65,82.46 1 1
github.com/gidyon/antibug/internal/modules/antimicrobial/antimicrobial.go:84.50,85.50 1 1
github.com/gidyon/antibug/internal/modules/antimicrobial/antimicrobial.go:87.52,88.52 1 1
github.com/gidyon/antibug/internal/modules/antimicrobial/antimicrobial.go:90.52,91.52 1 1
github.com/gidyon/antibug/internal/modules/antimicrobial/antimicrobial.go:93.55,94.55 1 1
github.com/gidyon/antibug/internal/modules/antimicrobial/antimicrobial.go:96.61,97.43 1 1
github.com/gidyon/antibug/internal/modules/antimicrobial/antimicrobial.go:99.59,100.52 1 1
github.com/gidyon/antibug/internal/modules/antimicrobial/antimicrobial.go:102.56,103.47 1 1
github.com/gidyon/antibug/internal/modules/antimicrobial/antimicrobial.go:107.16,109.3 1 11
github.com/gidyon/antibug/internal/modules/antimicrobial/antimicrobial.go:113.16,115.3 1 0
github.com/gidyon/antibug/internal/modules/antimicrobial/antimicrobial.go:120.18,120.18 0 7
github.com/gidyon/antibug/internal/modules/antimicrobial/antimicrobial.go:121.67,122.91 1 1
github.com/gidyon/antibug/internal/modules/antimicrobial/antimicrobial.go:123.10,124.49 1 0
github.com/gidyon/antibug/internal/modules/antimicrobial/antimicrobial.go:135.25,137.22 1 3
github.com/gidyon/antibug/internal/modules/antimicrobial/antimicrobial.go:142.2,142.42 1 2
github.com/gidyon/antibug/internal/modules/antimicrobial/antimicrobial.go:147.2,148.16 2 2
github.com/gidyon/antibug/internal/modules/antimicrobial/antimicrobial.go:153.2,155.16 2 1
github.com/gidyon/antibug/internal/modules/antimicrobial/antimicrobial.go:159.2,159.28 1 1
github.com/gidyon/antibug/internal/modules/antimicrobial/antimicrobial.go:137.22,139.3 1 1
github.com/gidyon/antibug/internal/modules/antimicrobial/antimicrobial.go:142.42,144.3 1 0
github.com/gidyon/antibug/internal/modules/antimicrobial/antimicrobial.go:148.16,150.3 1 1
github.com/gidyon/antibug/internal/modules/antimicrobial/antimicrobial.go:155.16,157.3 1 0
github.com/gidyon/antibug/internal/modules/antimicrobial/antimicrobial.go:164.25,166.19 1 3
github.com/gidyon/antibug/internal/modules/antimicrobial/antimicrobial.go:171.2,171.39 1 2
github.com/gidyon/antibug/internal/modules/antimicrobial/antimicrobial.go:176.2,177.16 2 1
github.com/gidyon/antibug/internal/modules/antimicrobial/antimicrobial.go:181.2,181.28 1 1
github.com/gidyon/antibug/internal/modules/antimicrobial/antimicrobial.go:166.19,168.3 1 1
github.com/gidyon/antibug/internal/modules/antimicrobial/antimicrobial.go:171.39,173.3 1 1
github.com/gidyon/antibug/internal/modules/antimicrobial/antimicrobial.go:177.16,179.3 1 0
github.com/gidyon/antibug/internal/modules/antimicrobial/antimicrobial.go:186.42,188.20 1 4
github.com/gidyon/antibug/internal/modules/antimicrobial/antimicrobial.go:193.2,199.16 5 3
github.com/gidyon/antibug/internal/modules/antimicrobial/antimicrobial.go:203.2,204.51 2 3
github.com/gidyon/antibug/internal/modules/antimicrobial/antimicrobial.go:212.2,214.8 1 3
github.com/gidyon/antibug/internal/modules/antimicrobial/antimicrobial.go:188.20,190.3 1 1
github.com/gidyon/antibug/internal/modules/antimicrobial/antimicrobial.go:199.16,201.3 1 0
github.com/gidyon/antibug/internal/modules/antimicrobial/antimicrobial.go:204.51,206.17 2 20
github.com/gidyon/antibug/internal/modules/antimicrobial/antimicrobial.go:209.3,209.99 1 20
github.com/gidyon/antibug/internal/modules/antimicrobial/antimicrobial.go:206.17,208.4 1 0
github.com/gidyon/antibug/internal/modules/antimicrobial/antimicrobial.go:219.42,221.22 1 4
github.com/gidyon/antibug/internal/modules/antimicrobial/antimicrobial.go:226.2,226.27 1 3
github.com/gidyon/antibug/internal/modules/antimicrobial/antimicrobial.go:232.2,241.9 6 3
github.com/gidyon/antibug/internal/modules/antimicrobial/antimicrobial.go:248.2,250.51 2 3
github.com/gidyon/antibug/internal/modules/antimicrobial/antimicrobial.go:258.2,261.8 1 3
github.com/gidyon/antibug/internal/modules/antimicrobial/antimicrobial.go:221.22,223.3 1 1
github.com/gidyon/antibug/internal/modules/antimicrobial/antimicrobial.go:226.27,230.3 1 0
github.com/gidyon/antibug/internal/modules/antimicrobial/antimicrobial.go:242.18,242.18 0 3
github.com/gidyon/antibug/internal/modules/antimicrobial/antimicrobial.go:243.10,244.49 1 0
github.com/gidyon/antibug/internal/modules/antimicrobial/antimicrobial.go:250.51,252.17 2 1
github.com/gidyon/antibug/internal/modules/antimicrobial/antimicrobial.go:255.3,255.106 1 1
github.com/gidyon/antibug/internal/modules/antimicrobial/antimicrobial.go:252.17,254.4 1 0
github.com/gidyon/antibug/internal/modules/antimicrobial/antimicrobial.go:266.41,268.19 1 6
github.com/gidyon/antibug/internal/modules/antimicrobial/antimicrobial.go:273.2,273.34 1 5
github.com/gidyon/antibug/internal/modules/antimicrobial/antimicrobial.go:277.2,280.9 3 4
github.com/gidyon/antibug/internal/modules/antimicrobial/antimicrobial.go:289.2,290.16 2 2
github.com/gidyon/antibug/internal/modules/antimicrobial/antimicrobial.go:294.2,294.64 1 2
github.com/gidyon/antibug/internal/modules/antimicrobial/antimicrobial.go:268.19,270.3 1 1
github.com/gidyon/antibug/internal/modules/antimicrobial/antimicrobial.go:273.34,275.3 1 1
github.com/gidyon/antibug/internal/modules/antimicrobial/antimicrobial.go:281.18,281.18 0 2
github.com/gidyon/antibug/internal/modules/antimicrobial/antimicrobial.go:282.46,283.69 1 2
github.com/gidyon/antibug/internal/modules/antimicrobial/antimicrobial.go:284.10,285.46 1 0
github.com/gidyon/antibug/internal/modules/antimicrobial/antimicrobial.go:290.16,292.3 1 0
github.com/gidyon/antibug/internal/modules/antimicrobial/antimicrobial.go:300.32,303.14 2 23
github.com/gidyon/antibug/internal/modules/antimicrobial/antimicrobial.go:313.2,313.26 1 23
github.com/gidyon/antibug/internal/modules/antimicrobial/antimicrobial.go:304.44,308.64 3 20
github.com/gidyon/antibug/internal/modules/antimicrobial/antimicrobial.go:309.10,310.38 1 3
github.com/gidyon/antibug/internal/modules/antimicrobial/model.go:30.42,32.2 1 39
github.com/gidyon/antibug/internal/modules/antimicrobial/model.go:36.27,38.28 1 10
github.com/gidyon/antibug/internal/modules/antimicrobial/model.go:42.2,54.60 3 9
github.com/gidyon/antibug/internal/modules/antimicrobial/model.go:62.2,62.62 1 9
github.com/gidyon/antibug/internal/modules/antimicrobial/model.go:70.2,70.62 1 9
github.com/gidyon/antibug/internal/modules/antimicrobial/model.go:78.2,78.65 1 9
github.com/gidyon/antibug/internal/modules/antimicrobial/model.go:86.2,86.71 1 9
github.com/gidyon/antibug/internal/modules/antimicrobial/model.go:94.2,94.69 1 9
github.com/gidyon/antibug/internal/modules/antimicrobial/model.go:102.2,102.66 1 9
github.com/gidyon/antibug/internal/modules/antimicrobial/model.go:110.2,110.55 1 9
github.com/gidyon/antibug/internal/modules/antimicrobial/model.go:118.2,118.29 1 9
github.com/gidyon/antibug/internal/modules/antimicrobial/model.go:38.28,40.3 1 1
github.com/gidyon/antibug/internal/modules/antimicrobial/model.go:54.60,56.17 2 9
github.com/gidyon/antibug/internal/modules/antimicrobial/model.go:59.3,59.38 1 9
github.com/gidyon/antibug/internal/modules/antimicrobial/model.go:56.17,58.4 1 0
github.com/gidyon/antibug/internal/modules/antimicrobial/model.go:62.62,64.17 2 9
github.com/gidyon/antibug/internal/modules/antimicrobial/model.go:67.3,67.40 1 9
github.com/gidyon/antibug/internal/modules/antimicrobial/model.go:64.17,66.4 1 0
github.com/gidyon/antibug/internal/modules/antimicrobial/model.go:70.62,72.17 2 9
github.com/gidyon/antibug/internal/modules/antimicrobial/model.go:75.3,75.40 1 9
github.com/gidyon/antibug/internal/modules/antimicrobial/model.go:72.17,74.4 1 0
github.com/gidyon/antibug/internal/modules/antimicrobial/model.go:78.65,80.17 2 9
github.com/gidyon/antibug/internal/modules/antimicrobial/model.go:83.3,83.43 1 9
github.com/gidyon/antibug/internal/modules/antimicrobial/model.go:80.17,82.4 1 0
github.com/gidyon/antibug/internal/modules/antimicrobial/model.go:86.71,88.17 2 9
github.com/gidyon/antibug/internal/modules/antimicrobial/model.go:91.3,91.38 1 9
github.com/gidyon/antibug/internal/modules/antimicrobial/model.go:88.17,90.4 1 0
github.com/gidyon/antibug/internal/modules/antimicrobial/model.go:94.69,96.17 2 9
github.com/gidyon/antibug/internal/modules/antimicrobial/model.go:99.3,99.47 1 9
github.com/gidyon/antibug/internal/modules/antimicrobial/model.go:96.17,98.4 1 0
github.com/gidyon/antibug/internal/modules/antimicrobial/model.go:102.66,104.17 2 9
github.com/gidyon/antibug/internal/modules/antimicrobial/model.go:107.3,107.42 1 9
github.com/gidyon/antibug/internal/modules/antimicrobial/model.go:104.17,106.4 1 0
github.com/gidyon/antibug/internal/modules/antimicrobial/model.go:110.55,112.17 2 9
github.com/gidyon/antibug/internal/modules/antimicrobial/model.go:115.3,115.33 1 9
github.com/gidyon/antibug/internal/modules/antimicrobial/model.go:112.17,114.4 1 0
github.com/gidyon/antibug/internal/modules/antimicrobial/model.go:123.41,125.28 1 23
github.com/gidyon/antibug/internal/modules/antimicrobial/model.go:129.2,154.43 3 23
github.com/gidyon/antibug/internal/modules/antimicrobial/model.go:161.2,161.45 1 23
github.com/gidyon/antibug/internal/modules/antimicrobial/model.go:168.2,168.45 1 23
github.com/gidyon/antibug/internal/modules/antimicrobial/model.go:175.2,175.48 1 23
github.com/gidyon/antibug/internal/modules/antimicrobial/model.go:182.2,182.43 1 23
github.com/gidyon/antibug/internal/modules/antimicrobial/model.go:189.2,189.52 1 23
github.com/gidyon/antibug/internal/modules/antimicrobial/model.go:196.2,196.47 1 23
github.com/gidyon/antibug/internal/modules/antimicrobial/model.go:203.2,203.38 1 23
github.com/gidyon/antibug/internal/modules/antimicrobial/model.go:210.2,210.29 1 23
github.com/gidyon/antibug/internal/modules/antimicrobial/model.go:125.28,127.3 1 0
github.com/gidyon/antibug/internal/modules/antimicrobial/model.go:154.43,156.17 2 23
github.com/gidyon/antibug/internal/modules/antimicrobial/model.go:156.17,158.4 1 0
github.com/gidyon/antibug/internal/modules/antimicrobial/model.go:161.45,163.17 2 23
github.com/gidyon/antibug/internal/modules/antimicrobial/model.go:163.17,165.4 1 0
github.com/gidyon/antibug/internal/modules/antimicrobial/model.go:168.45,170.17 2 23
github.com/gidyon/antibug/internal/modules/antimicrobial/model.go:170.17,172.4 1 0
github.com/gidyon/antibug/internal/modules/antimicrobial/model.go:175.48,177.17 2 23
github.com/gidyon/antibug/internal/modules/antimicrobial/model.go:177.17,179.4 1 0
github.com/gidyon/antibug/internal/modules/antimicrobial/model.go:182.43,184.17 2 23
github.com/gidyon/antibug/internal/modules/antimicrobial/model.go:184.17,186.4 1 0
github.com/gidyon/antibug/internal/modules/antimicrobial/model.go:189.52,191.17 2 23
github.com/gidyon/antibug/internal/modules/antimicrobial/model.go:191.17,193.4 1 0
github.com/gidyon/antibug/internal/modules/antimicrobial/model.go:196.47,198.17 2 23
github.com/gidyon/antibug/internal/modules/antimicrobial/model.go:198.17,200.4 1 0
github.com/gidyon/antibug/internal/modules/antimicrobial/model.go:203.38,205.17 2 23
github.com/gidyon/antibug/internal/modules/antimicrobial/model.go:205.17,207.4 1 0
github.com/gidyon/antibug/internal/modules/antimicrobial/model.go:213.59,215.2 1 138
