mode: atomic
github.com/gidyon/antibug/internal/modules/antimicrobial/antimicrobial.go:36.107,39.9 2 5
github.com/gidyon/antibug/internal/modules/antimicrobial/antimicrobial.go:49.2,49.16 1 5
github.com/gidyon/antibug/internal/modules/antimicrobial/antimicrobial.go:53.2,54.16 2 1
github.com/gidyon/antibug/internal/modules/antimicrobial/antimicrobial.go:58.2,66.16 3 1
github.com/gidyon/antibug/internal/modules/antimicrobial/antimicrobial.go:71.2,72.16 2 1
github.com/gidyon/antibug/internal/modules/antimicrobial/antimicrobial.go:76.2,76.18 1 1
github.com/gidyon/antibug/internal/modules/antimicrobial/antimicrobial.go:40.24,41.32 1 1
github.com/gidyon/antibug/internal/modules/antimicrobial/antimicrobial.go:42.25,43.33 1 1
github.com/gidyon/antibug/internal/modules/antimicrobial/antimicrobial.go:44.28,45.44 1 1
github.com/gidyon/antibug/internal/modules/antimicrobial/antimicrobial.go:46.18,47.34 1 1
github.com/gidyon/antibug/internal/modules/antimicrobial/antimicrobial.go:49.16,51.3 1 4
github.com/gidyon/antibug/internal/modules/antimicrobial/antimicrobial.go:54.16,56.3 1 0
github.com/gidyon/antibug/internal/modules/antimicrobial/antimicrobial.go:66.16,68.3 1 0
github.com/gidyon/antibug/internal/modules/antimicrobial/antimicrobial.go:72.16,74.3 1 0
github.com/gidyon/antibug/internal/modules/antimicrobial/antimicrobial.go:81.55,83.22 1 20
github.com/gidyon/antibug/internal/modules/antimicrobial/antimicrobial.go:88.2,89.16 2 19
github.com/gidyon/antibug/internal/modules/antimicrobial/antimicrobial.go:93.2,96.9 2 19
github.com/gidyon/antibug/internal/modules/antimicrobial/antimicrobial.go:127.2,127.16 1 19
github.com/gidyon/antibug/internal/modules/antimicrobial/antimicrobial.go:132.2,133.16 2 8
github.com/gidyon/antibug/internal/modules/antimicrobial/antimicrobial.go:138.2,139.9 2 8
github.com/gidyon/antibug/internal/modules/antimicrobial/antimicrobial.go:148.2,150.8 1 7
github.com/gidyon/antibug/internal/modules/antimicrobial/antimicrobial.go:83.22,85.3 1 1
github.com/gidyon/antibug/internal/modules/antimicrobial/antimicrobial.go:89.16,91.3 1 0
github.com/gidyon/antibug/internal/modules/antimicrobial/antimicrobial.go:97.66,98.47 1 1
github.com/gidyon/antibug/internal/modules/antimicrobial/antimicrobial.go:99.54,100.35 1 1
github.com/gidyon/antibug/internal/modules/antimicrobial/antimicrobial.go:101.68,102.49 1 1
github.com/gidyon/antibug/internal/modules/antimicrobial/antimicrobial.go:103.64,104.45 1 1
github.com/gidyon/antibug/internal/modules/antimicrobial/antimicrobial.go:106.49,107.49 1 1
github.com/gidyon/antibug/internal/modules/antimicrobial/antimicrobial.go:109.51,110.51 1 1
github.com/gidyon/antibug/internal/modules/antimicrobial/antimicrobial.go:112.51,113.51 1 1
github.com/gidyon/antibug/internal/modules/antimicrobial/antimicrobial.go:115.54,116.54 1 1
github.com/gidyon/antibug/internal/modules/antimicrobial/antimicrobial.go:118.60,119.42 1 1
github.com/gidyon/antibug/internal/modules/antimicrobial/antimicrobial.go:121.58,122.51 1 1
github.com/gidyon/antibug/internal/modules/antimicrobial/antimicrobial.go:124.55,125.46 1 1
github.com/gidyon/antibug/internal/modules/antimicrobial/antimicrobial.go:127.16,129.3 1 11
github.com/gidyon/antibug/internal/modules/antimicrobial/antimicrobial.go:133.16,135.3 1 0
github.com/gidyon/antibug/internal/modules/antimicrobial/antimicrobial.go:140.18,140.18 0 7
github.com/gidyon/antibug/internal/modules/antimicrobial/antimicrobial.go:141.67,142.91 1 1
github.com/gidyon/antibug/internal/modules/antimicrobial/antimicrobial.go:143.10,144.49 1 0
github.com/gidyon/antibug/internal/modules/antimicrobial/antimicrobial.go:155.25,157.22 1 3
github.com/gidyon/antibug/internal/modules/antimicrobial/antimicrobial.go:162.2,163.16 2 2
github.com/gidyon/antibug/internal/modules/antimicrobial/antimicrobial.go:168.2,168.42 1 2
github.com/gidyon/antibug/internal/modules/antimicrobial/antimicrobial.go:173.2,174.16 2 2
github.com/gidyon/antibug/internal/modules/antimicrobial/antimicrobial.go:179.2,181.16 2 1
github.com/gidyon/antibug/internal/modules/antimicrobial/antimicrobial.go:185.2,185.28 1 1
github.com/gidyon/antibug/internal/modules/antimicrobial/antimicrobial.go:157.22,159.3 1 1
github.com/gidyon/antibug/internal/modules/antimicrobial/antimicrobial.go:163.16,165.3 1 0
github.com/gidyon/antibug/internal/modules/antimicrobial/antimicrobial.go:168.42,170.3 1 0
github.com/gidyon/antibug/internal/modules/antimicrobial/antimicrobial.go:174.16,176.3 1 1
github.com/gidyon/antibug/internal/modules/antimicrobial/antimicrobial.go:181.16,183.3 1 0
github.com/gidyon/antibug/internal/modules/antimicrobial/antimicrobial.go:190.25,192.19 1 3
github.com/gidyon/antibug/internal/modules/antimicrobial/antimicrobial.go:197.2,198.16 2 2
github.com/gidyon/antibug/internal/modules/antimicrobial/antimicrobial.go:203.2,203.39 1 2
github.com/gidyon/antibug/internal/modules/antimicrobial/antimicrobial.go:208.2,209.16 2 1
github.com/gidyon/antibug/internal/modules/antimicrobial/antimicrobial.go:213.2,213.28 1 1
github.com/gidyon/antibug/internal/modules/antimicrobial/antimicrobial.go:192.19,194.3 1 1
github.com/gidyon/antibug/internal/modules/antimicrobial/antimicrobial.go:198.16,200.3 1 0
github.com/gidyon/antibug/internal/modules/antimicrobial/antimicrobial.go:203.39,205.3 1 1
github.com/gidyon/antibug/internal/modules/antimicrobial/antimicrobial.go:209.16,211.3 1 0
github.com/gidyon/antibug/internal/modules/antimicrobial/antimicrobial.go:218.42,220.20 1 4
github.com/gidyon/antibug/internal/modules/antimicrobial/antimicrobial.go:225.2,226.16 2 3
github.com/gidyon/antibug/internal/modules/antimicrobial/antimicrobial.go:231.2,237.16 5 3
github.com/gidyon/antibug/internal/modules/antimicrobial/antimicrobial.go:241.2,242.51 2 3
github.com/gidyon/antibug/internal/modules/antimicrobial/antimicrobial.go:250.2,252.8 1 3
github.com/gidyon/antibug/internal/modules/antimicrobial/antimicrobial.go:220.20,222.3 1 1
github.com/gidyon/antibug/internal/modules/antimicrobial/antimicrobial.go:226.16,228.3 1 0
github.com/gidyon/antibug/internal/modules/antimicrobial/antimicrobial.go:237.16,239.3 1 0
github.com/gidyon/antibug/internal/modules/antimicrobial/antimicrobial.go:242.51,244.17 2 20
github.com/gidyon/antibug/internal/modules/antimicrobial/antimicrobial.go:247.3,247.99 1 20
github.com/gidyon/antibug/internal/modules/antimicrobial/antimicrobial.go:244.17,246.4 1 0
github.com/gidyon/antibug/internal/modules/antimicrobial/antimicrobial.go:257.42,259.22 1 5
github.com/gidyon/antibug/internal/modules/antimicrobial/antimicrobial.go:264.2,265.16 2 4
github.com/gidyon/antibug/internal/modules/antimicrobial/antimicrobial.go:270.2,270.27 1 4
github.com/gidyon/antibug/internal/modules/antimicrobial/antimicrobial.go:276.2,285.9 6 3
github.com/gidyon/antibug/internal/modules/antimicrobial/antimicrobial.go:292.2,294.51 2 3
github.com/gidyon/antibug/internal/modules/antimicrobial/antimicrobial.go:302.2,305.8 1 3
github.com/gidyon/antibug/internal/modules/antimicrobial/antimicrobial.go:259.22,261.3 1 1
github.com/gidyon/antibug/internal/modules/antimicrobial/antimicrobial.go:265.16,267.3 1 0
github.com/gidyon/antibug/internal/modules/antimicrobial/antimicrobial.go:270.27,274.3 1 1
github.com/gidyon/antibug/internal/modules/antimicrobial/antimicrobial.go:286.18,286.18 0 3
github.com/gidyon/antibug/internal/modules/antimicrobial/antimicrobial.go:287.10,288.49 1 0
github.com/gidyon/antibug/internal/modules/antimicrobial/antimicrobial.go:294.51,296.17 2 1
github.com/gidyon/antibug/internal/modules/antimicrobial/antimicrobial.go:299.3,299.106 1 1
github.com/gidyon/antibug/internal/modules/antimicrobial/antimicrobial.go:296.17,298.4 1 0
github.com/gidyon/antibug/internal/modules/antimicrobial/antimicrobial.go:310.41,312.19 1 6
github.com/gidyon/antibug/internal/modules/antimicrobial/antimicrobial.go:317.2,318.16 2 5
github.com/gidyon/antibug/internal/modules/antimicrobial/antimicrobial.go:323.2,323.34 1 5
github.com/gidyon/antibug/internal/modules/antimicrobial/antimicrobial.go:327.2,330.9 3 4
github.com/gidyon/antibug/internal/modules/antimicrobial/antimicrobial.go:339.2,340.16 2 2
github.com/gidyon/antibug/internal/modules/antimicrobial/antimicrobial.go:344.2,344.64 1 2
github.com/gidyon/antibug/internal/modules/antimicrobial/antimicrobial.go:312.19,314.3 1 1
github.com/gidyon/antibug/internal/modules/antimicrobial/antimicrobial.go:318.16,320.3 1 0
github.com/gidyon/antibug/internal/modules/antimicrobial/antimicrobial.go:323.34,325.3 1 1
github.com/gidyon/antibug/internal/modules/antimicrobial/antimicrobial.go:331.18,331.18 0 2
github.com/gidyon/antibug/internal/modules/antimicrobial/antimicrobial.go:332.46,333.69 1 2
github.com/gidyon/antibug/internal/modules/antimicrobial/antimicrobial.go:334.10,335.46 1 0
github.com/gidyon/antibug/internal/modules/antimicrobial/antimicrobial.go:340.16,342.3 1 0
github.com/gidyon/antibug/internal/modules/antimicrobial/antimicrobial.go:350.32,353.14 2 23
github.com/gidyon/antibug/internal/modules/antimicrobial/antimicrobial.go:363.2,363.26 1 23
github.com/gidyon/antibug/internal/modules/antimicrobial/antimicrobial.go:354.44,358.64 3 20
github.com/gidyon/antibug/internal/modules/antimicrobial/antimicrobial.go:359.10,360.38 1 3
github.com/gidyon/antibug/internal/modules/antimicrobial/model.go:30.42,32.2 1 39
github.com/gidyon/antibug/internal/modules/antimicrobial/model.go:36.27,38.28 1 10
github.com/gidyon/antibug/internal/modules/antimicrobial/model.go:42.2,54.60 3 9
github.com/gidyon/antibug/internal/modules/antimicrobial/model.go:62.2,62.62 1 9
github.com/gidyon/antibug/internal/modules/antimicrobial/model.go:70.2,70.62 1 9
github.com/gidyon/antibug/internal/modules/antimicrobial/model.go:78.2,78.65 1 9
github.com/gidyon/antibug/internal/modules/antimicrobial/model.go:86.2,86.71 1 9
github.com/gidyon/antibug/internal/modules/antimicrobial/model.go:94.2,94.69 1 9
github.com/gidyon/antibug/internal/modules/antimicrobial/model.go:102.2,102.66 1 9
github.com/gidyon/antibug/internal/modules/antimicrobial/model.go:110.2,110.55 1 9
github.com/gidyon/antibug/internal/modules/antimicrobial/model.go:118.2,118.29 1 9
github.com/gidyon/antibug/internal/modules/antimicrobial/model.go:38.28,40.3 1 1
github.com/gidyon/antibug/internal/modules/antimicrobial/model.go:54.60,56.17 2 9
github.com/gidyon/antibug/internal/modules/antimicrobial/model.go:59.3,59.38 1 9
github.com/gidyon/antibug/internal/modules/antimicrobial/model.go:56.17,58.4 1 0
github.com/gidyon/antibug/internal/modules/antimicrobial/model.go:62.62,64.17 2 9
github.com/gidyon/antibug/internal/modules/antimicrobial/model.go:67.3,67.40 1 9
github.com/gidyon/antibug/internal/modules/antimicrobial/model.go:64.17,66.4 1 0
github.com/gidyon/antibug/internal/modules/antimicrobial/model.go:70.62,72.17 2 9
github.com/gidyon/antibug/internal/modules/antimicrobial/model.go:75.3,75.40 1 9
github.com/gidyon/antibug/internal/modules/antimicrobial/model.go:72.17,74.4 1 0
github.com/gidyon/antibug/internal/modules/antimicrobial/model.go:78.65,80.17 2 9
github.com/gidyon/antibug/internal/modules/antimicrobial/model.go:83.3,83.43 1 9
github.com/gidyon/antibug/internal/modules/antimicrobial/model.go:80.17,82.4 1 0
github.com/gidyon/antibug/internal/modules/antimicrobial/model.go:86.71,88.17 2 9
github.com/gidyon/antibug/internal/modules/antimicrobial/model.go:91.3,91.38 1 9
github.com/gidyon/antibug/internal/modules/antimicrobial/model.go:88.17,90.4 1 0
github.com/gidyon/antibug/internal/modules/antimicrobial/model.go:94.69,96.17 2 9
github.com/gidyon/antibug/internal/modules/antimicrobial/model.go:99.3,99.47 1 9
github.com/gidyon/antibug/internal/modules/antimicrobial/model.go:96.17,98.4 1 0
github.com/gidyon/antibug/internal/modules/antimicrobial/model.go:102.66,104.17 2 9
github.com/gidyon/antibug/internal/modules/antimicrobial/model.go:107.3,107.42 1 9
github.com/gidyon/antibug/internal/modules/antimicrobial/model.go:104.17,106.4 1 0
github.com/gidyon/antibug/internal/modules/antimicrobial/model.go:110.55,112.17 2 9
github.com/gidyon/antibug/internal/modules/antimicrobial/model.go:115.3,115.33 1 9
github.com/gidyon/antibug/internal/modules/antimicrobial/model.go:112.17,114.4 1 0
github.com/gidyon/antibug/internal/modules/antimicrobial/model.go:123.41,125.28 1 23
github.com/gidyon/antibug/internal/modules/antimicrobial/model.go:129.2,154.43 3 23
github.com/gidyon/antibug/internal/modules/antimicrobial/model.go:161.2,161.45 1 23
github.com/gidyon/antibug/internal/modules/antimicrobial/model.go:168.2,168.45 1 23
github.com/gidyon/antibug/internal/modules/antimicrobial/model.go:175.2,175.48 1 23
github.com/gidyon/antibug/internal/modules/antimicrobial/model.go:182.2,182.43 1 23
github.com/gidyon/antibug/internal/modules/antimicrobial/model.go:189.2,189.52 1 23
github.com/gidyon/antibug/internal/modules/antimicrobial/model.go:196.2,196.47 1 23
github.com/gidyon/antibug/internal/modules/antimicrobial/model.go:203.2,203.38 1 23
github.com/gidyon/antibug/internal/modules/antimicrobial/model.go:210.2,210.29 1 23
github.com/gidyon/antibug/internal/modules/antimicrobial/model.go:125.28,127.3 1 0
github.com/gidyon/antibug/internal/modules/antimicrobial/model.go:154.43,156.17 2 23
github.com/gidyon/antibug/internal/modules/antimicrobial/model.go:156.17,158.4 1 0
github.com/gidyon/antibug/internal/modules/antimicrobial/model.go:161.45,163.17 2 23
github.com/gidyon/antibug/internal/modules/antimicrobial/model.go:163.17,165.4 1 0
github.com/gidyon/antibug/internal/modules/antimicrobial/model.go:168.45,170.17 2 23
github.com/gidyon/antibug/internal/modules/antimicrobial/model.go:170.17,172.4 1 0
github.com/gidyon/antibug/internal/modules/antimicrobial/model.go:175.48,177.17 2 23
github.com/gidyon/antibug/internal/modules/antimicrobial/model.go:177.17,179.4 1 0
github.com/gidyon/antibug/internal/modules/antimicrobial/model.go:182.43,184.17 2 23
github.com/gidyon/antibug/internal/modules/antimicrobial/model.go:184.17,186.4 1 0
github.com/gidyon/antibug/internal/modules/antimicrobial/model.go:189.52,191.17 2 23
github.com/gidyon/antibug/internal/modules/antimicrobial/model.go:191.17,193.4 1 0
github.com/gidyon/antibug/internal/modules/antimicrobial/model.go:196.47,198.17 2 23
github.com/gidyon/antibug/internal/modules/antimicrobial/model.go:198.17,200.4 1 0
github.com/gidyon/antibug/internal/modules/antimicrobial/model.go:203.38,205.17 2 23
github.com/gidyon/antibug/internal/modules/antimicrobial/model.go:205.17,207.4 1 0
github.com/gidyon/antibug/internal/modules/antimicrobial/model.go:213.59,215.2 1 138
